<?xml version="1.0" encoding="UTF-8"?>
<robot generator="Robot 3.2.1 (Python 3.8.5 on win32)" generated="20200924 00:04:50.872" rpa="false">
<suite id="s1" name="ABCTCOne" source="C:\Users\Radhey\Desktop\20200923v12.3b -FINAL DONE with 2 files\TestAuto\TestCases\ABCTCOne.robot">
<test id="s1-t1" name="Getting Data...">
<kw name="Open Browser" library="SeleniumLibrary">
<doc>Opens a new browser instance to the optional ``url``.</doc>
<arguments>
<arg>${URL}</arg>
<arg>${BROWSER}</arg>
</arguments>
<msg timestamp="20200924 00:04:53.340" level="INFO">Opening browser 'chrome' to base url 'https://www.google.com/'.</msg>
<status status="PASS" starttime="20200924 00:04:53.340" endtime="20200924 00:05:01.448"></status>
</kw>
<kw name="Maximize Browser Window" library="SeleniumLibrary">
<doc>Maximizes current browser window.</doc>
<status status="PASS" starttime="20200924 00:05:01.451" endtime="20200924 00:05:02.651"></status>
</kw>
<kw name="Delete All Cookies" library="SeleniumLibrary">
<doc>Deletes all cookies.</doc>
<status status="PASS" starttime="20200924 00:05:02.653" endtime="20200924 00:05:03.175"></status>
</kw>
<kw name="Set Variable" library="BuiltIn">
<doc>Returns the given values which can then be assigned to a variables.</doc>
<arguments>
<arg>query</arg>
</arguments>
<assign>
<var>${Key_query}</var>
</assign>
<msg timestamp="20200924 00:05:03.177" level="INFO">${Key_query} = query</msg>
<status status="PASS" starttime="20200924 00:05:03.176" endtime="20200924 00:05:03.178"></status>
</kw>
<kw name="Set Variable" library="BuiltIn">
<doc>Returns the given values which can then be assigned to a variables.</doc>
<arguments>
<arg>filename</arg>
</arguments>
<assign>
<var>${Key_filename}</var>
</assign>
<msg timestamp="20200924 00:05:03.180" level="INFO">${Key_filename} = filename</msg>
<status status="PASS" starttime="20200924 00:05:03.178" endtime="20200924 00:05:03.180"></status>
</kw>
<kw name="Set Variable" library="BuiltIn">
<doc>Returns the given values which can then be assigned to a variables.</doc>
<arguments>
<arg>categorycode</arg>
</arguments>
<assign>
<var>${Key_categorycode}</var>
</assign>
<msg timestamp="20200924 00:05:03.182" level="INFO">${Key_categorycode} = categorycode</msg>
<status status="PASS" starttime="20200924 00:05:03.181" endtime="20200924 00:05:03.182"></status>
</kw>
<kw name="Get Input Query" library="Input">
<arguments>
<arg>${InputFileName}</arg>
</arguments>
<assign>
<var>${InputData}</var>
</assign>
<msg timestamp="20200924 00:05:03.259" level="INFO">${InputData} = [{'query': 'All High School in Sacramento, CA United States', 'categorycode': '3', 'filename': '3_Category.xlsx'}, {'query': 'All High School in Trenton, NJ United States', 'categorycode': '3', 'filen...</msg>
<status status="PASS" starttime="20200924 00:05:03.183" endtime="20200924 00:05:03.259"></status>
</kw>
<kw name="Create Dictionary" library="BuiltIn">
<doc>Creates and returns a dictionary based on the given ``items``.</doc>
<assign>
<var>${MyList}</var>
</assign>
<msg timestamp="20200924 00:05:03.261" level="INFO">${MyList} = {}</msg>
<status status="PASS" starttime="20200924 00:05:03.260" endtime="20200924 00:05:03.261"></status>
</kw>
<kw name="Log To Console" library="BuiltIn">
<doc>Logs the given message to the console.</doc>
<arguments>
<arg>${MyList}</arg>
</arguments>
<status status="PASS" starttime="20200924 00:05:03.263" endtime="20200924 00:05:03.264"></status>
</kw>
<kw name="Set To Dictionary" library="Collections">
<doc>Adds the given ``key_value_pairs`` and ``items`` to the ``dictionary``.</doc>
<arguments>
<arg>${MyList}</arg>
<arg>Foo1</arg>
<arg>Value1</arg>
</arguments>
<status status="PASS" starttime="20200924 00:05:03.266" endtime="20200924 00:05:03.267"></status>
</kw>
<kw name="${x} IN [ @{InputData} ]" type="for">
<kw name="${x} = {'query': 'All High School in Sacramento, CA United States', 'categorycode': '3', 'filename': '3_Category.xlsx'}" type="foritem">
<kw name="Get From Dictionary" library="Collections">
<doc>Returns a value from the given ``dictionary`` based on the given ``key``.</doc>
<arguments>
<arg>${x}</arg>
<arg>${Key_query}</arg>
</arguments>
<assign>
<var>${SearchQuery}</var>
</assign>
<msg timestamp="20200924 00:05:03.270" level="INFO">${SearchQuery} = All High School in Sacramento, CA United States</msg>
<status status="PASS" starttime="20200924 00:05:03.268" endtime="20200924 00:05:03.270"></status>
</kw>
<kw name="Log To Console" library="BuiltIn">
<doc>Logs the given message to the console.</doc>
<arguments>
<arg>${SearchQuery}</arg>
</arguments>
<status status="PASS" starttime="20200924 00:05:03.270" endtime="20200924 00:05:03.271"></status>
</kw>
<kw name="Get From Dictionary" library="Collections">
<doc>Returns a value from the given ``dictionary`` based on the given ``key``.</doc>
<arguments>
<arg>${x}</arg>
<arg>${Key_filename}</arg>
</arguments>
<assign>
<var>${file_name}</var>
</assign>
<msg timestamp="20200924 00:05:03.273" level="INFO">${file_name} = 3_Category.xlsx</msg>
<status status="PASS" starttime="20200924 00:05:03.272" endtime="20200924 00:05:03.273"></status>
</kw>
<kw name="Log To Console" library="BuiltIn">
<doc>Logs the given message to the console.</doc>
<arguments>
<arg>${file_name}</arg>
</arguments>
<status status="PASS" starttime="20200924 00:05:03.274" endtime="20200924 00:05:03.275"></status>
</kw>
<kw name="Get From Dictionary" library="Collections">
<doc>Returns a value from the given ``dictionary`` based on the given ``key``.</doc>
<arguments>
<arg>${x}</arg>
<arg>${Key_categorycode}</arg>
</arguments>
<assign>
<var>${category_code}</var>
</assign>
<msg timestamp="20200924 00:05:03.277" level="INFO">${category_code} = 3</msg>
<status status="PASS" starttime="20200924 00:05:03.275" endtime="20200924 00:05:03.277"></status>
</kw>
<kw name="Log To Console" library="BuiltIn">
<doc>Logs the given message to the console.</doc>
<arguments>
<arg>${category_code}</arg>
</arguments>
<status status="PASS" starttime="20200924 00:05:03.277" endtime="20200924 00:05:03.279"></status>
</kw>
<kw name="Set Test Variable" library="BuiltIn">
<doc>Makes a variable available everywhere within the scope of the current test.</doc>
<arguments>
<arg>${category_code}</arg>
</arguments>
<msg timestamp="20200924 00:05:03.281" level="INFO">${category_code} = 3</msg>
<status status="PASS" starttime="20200924 00:05:03.279" endtime="20200924 00:05:03.281"></status>
</kw>
<kw name="Delete All Cookies" library="SeleniumLibrary">
<doc>Deletes all cookies.</doc>
<status status="PASS" starttime="20200924 00:05:03.281" endtime="20200924 00:05:03.293"></status>
</kw>
<kw name="Wait Until Element Is Visible" library="SeleniumLibrary">
<doc>Waits until the element ``locator`` is visible.</doc>
<arguments>
<arg>${SearchTextField}</arg>
</arguments>
<status status="PASS" starttime="20200924 00:05:03.294" endtime="20200924 00:05:03.462"></status>
</kw>
<kw name="Input Text" library="SeleniumLibrary">
<doc>Types the given ``text`` into the text field identified by ``locator``.</doc>
<arguments>
<arg>${SearchTextField}</arg>
<arg>${SearchQuery}</arg>
</arguments>
<msg timestamp="20200924 00:05:03.464" level="INFO">Typing text 'All High School in Sacramento, CA United States' into text field '//*[@class="gLFyf gsfi"]'.</msg>
<status status="PASS" starttime="20200924 00:05:03.463" endtime="20200924 00:05:04.351"></status>
</kw>
<kw name="Wait Until Element Is Enabled" library="SeleniumLibrary">
<doc>Waits until the element ``locator`` is enabled.</doc>
<arguments>
<arg>${SearchGoogleBtn}</arg>
</arguments>
<status status="PASS" starttime="20200924 00:05:04.352" endtime="20200924 00:05:04.444"></status>
</kw>
<kw name="Set Focus To Element" library="SeleniumLibrary">
<doc>Sets the focus to the element identified by ``locator``.</doc>
<arguments>
<arg>${SearchGoogleBtn}</arg>
</arguments>
<status status="PASS" starttime="20200924 00:05:04.445" endtime="20200924 00:05:04.495"></status>
</kw>
<kw name="Click Element" library="SeleniumLibrary">
<doc>Click the element identified by ``locator``.</doc>
<arguments>
<arg>${SearchGoogleBtn}</arg>
</arguments>
<msg timestamp="20200924 00:05:04.497" level="INFO">Clicking element '(//*[@class="gNO89b" and @value="Google Search"])[2]'.</msg>
<status status="PASS" starttime="20200924 00:05:04.496" endtime="20200924 00:05:06.687"></status>
</kw>
<kw name="Log To Console" library="BuiltIn">
<doc>Logs the given message to the console.</doc>
<arguments>
<arg>files not set</arg>
</arguments>
<status status="PASS" starttime="20200924 00:05:06.688" endtime="20200924 00:05:06.689"></status>
</kw>
<kw name="Set Test Variable" library="BuiltIn">
<doc>Makes a variable available everywhere within the scope of the current test.</doc>
<arguments>
<arg>${FileName}</arg>
</arguments>
<msg timestamp="20200924 00:05:06.691" level="INFO">${FileName} = 3_Category.xlsx</msg>
<status status="PASS" starttime="20200924 00:05:06.689" endtime="20200924 00:05:06.691"></status>
</kw>
<kw name="Set Variable" library="BuiltIn">
<doc>Returns the given values which can then be assigned to a variables.</doc>
<arguments>
<arg>${false}</arg>
</arguments>
<assign>
<var>${sheetcheck}</var>
</assign>
<msg timestamp="20200924 00:05:06.693" level="INFO">${sheetcheck} = False</msg>
<status status="PASS" starttime="20200924 00:05:06.692" endtime="20200924 00:05:06.693"></status>
</kw>
<kw name="Run Keyword If" library="BuiltIn">
<doc>Runs the given keyword with the given arguments, if ``condition`` is true.</doc>
<arguments>
<arg>'${Filename}' in ${MyList}</arg>
<arg>Set Variable</arg>
<arg>${true}</arg>
<arg>ELSE</arg>
<arg>Set Variable</arg>
<arg>${false}</arg>
</arguments>
<assign>
<var>${sheetcheck}</var>
</assign>
<kw name="Set Variable" library="BuiltIn">
<doc>Returns the given values which can then be assigned to a variables.</doc>
<arguments>
<arg>${false}</arg>
</arguments>
<status status="PASS" starttime="20200924 00:05:06.697" endtime="20200924 00:05:06.698"></status>
</kw>
<msg timestamp="20200924 00:05:06.699" level="INFO">${sheetcheck} = False</msg>
<status status="PASS" starttime="20200924 00:05:06.694" endtime="20200924 00:05:06.699"></status>
</kw>
<kw name="Log To Console" library="BuiltIn">
<doc>Logs the given message to the console.</doc>
<arguments>
<arg>${sheetcheck}</arg>
</arguments>
<status status="PASS" starttime="20200924 00:05:06.699" endtime="20200924 00:05:06.701"></status>
</kw>
<kw name="Run Keyword If" library="BuiltIn">
<doc>Runs the given keyword with the given arguments, if ``condition`` is true.</doc>
<arguments>
<arg>${sheetcheck} == ${false}</arg>
<arg>Set To Dictionary</arg>
<arg>${MyList}</arg>
<arg>${FileName}</arg>
<arg>${FileName}</arg>
</arguments>
<kw name="Set To Dictionary" library="Collections">
<doc>Adds the given ``key_value_pairs`` and ``items`` to the ``dictionary``.</doc>
<arguments>
<arg>${MyList}</arg>
<arg>${FileName}</arg>
<arg>${FileName}</arg>
</arguments>
<status status="PASS" starttime="20200924 00:05:06.703" endtime="20200924 00:05:06.704"></status>
</kw>
<status status="PASS" starttime="20200924 00:05:06.701" endtime="20200924 00:05:06.704"></status>
</kw>
<kw name="Run Keyword If" library="BuiltIn">
<doc>Runs the given keyword with the given arguments, if ``condition`` is true.</doc>
<arguments>
<arg>${sheetcheck} == ${false}</arg>
<arg>Create Xlsx Sheet and Its Columns</arg>
<arg>${file_name}</arg>
</arguments>
<kw name="Create Xlsx Sheet and Its Columns" library="Keywords">
<arguments>
<arg>${file_name}</arg>
</arguments>
<kw name="Make Excel File" library="DataRepository">
<arguments>
<arg>${FileName}</arg>
</arguments>
<status status="PASS" starttime="20200924 00:05:06.708" endtime="20200924 00:05:06.737"></status>
</kw>
<kw name="Add Value" library="DataRepository">
<arguments>
<arg>${FileName}</arg>
<arg>A$1</arg>
<arg>${SrNO}</arg>
</arguments>
<status status="PASS" starttime="20200924 00:05:06.737" endtime="20200924 00:05:06.793"></status>
</kw>
<kw name="Add Value" library="DataRepository">
<arguments>
<arg>${FileName}</arg>
<arg>B$1</arg>
<arg>${Name}</arg>
</arguments>
<status status="PASS" starttime="20200924 00:05:06.793" endtime="20200924 00:05:06.879"></status>
</kw>
<kw name="Add Value" library="DataRepository">
<arguments>
<arg>${FileName}</arg>
<arg>C$1</arg>
<arg>${Rating}</arg>
</arguments>
<status status="PASS" starttime="20200924 00:05:06.880" endtime="20200924 00:05:06.928"></status>
</kw>
<kw name="Add Value" library="DataRepository">
<arguments>
<arg>${FileName}</arg>
<arg>D$1</arg>
<arg>${review_count}</arg>
</arguments>
<status status="PASS" starttime="20200924 00:05:06.929" endtime="20200924 00:05:06.978"></status>
</kw>
<kw name="Add Value" library="DataRepository">
<arguments>
<arg>${FileName}</arg>
<arg>E$1</arg>
<arg>${colstreet}</arg>
</arguments>
<status status="PASS" starttime="20200924 00:05:06.979" endtime="20200924 00:05:07.032"></status>
</kw>
<kw name="Add Value" library="DataRepository">
<arguments>
<arg>${FileName}</arg>
<arg>F$1</arg>
<arg>${colcity}</arg>
</arguments>
<status status="PASS" starttime="20200924 00:05:07.032" endtime="20200924 00:05:07.084"></status>
</kw>
<kw name="Add Value" library="DataRepository">
<arguments>
<arg>${FileName}</arg>
<arg>G$1</arg>
<arg>${colstate}</arg>
</arguments>
<status status="PASS" starttime="20200924 00:05:07.085" endtime="20200924 00:05:07.129"></status>
</kw>
<kw name="Add Value" library="DataRepository">
<arguments>
<arg>${FileName}</arg>
<arg>H$1</arg>
<arg>${colzipcode}</arg>
</arguments>
<status status="PASS" starttime="20200924 00:05:07.130" endtime="20200924 00:05:07.191"></status>
</kw>
<kw name="Add Value" library="DataRepository">
<arguments>
<arg>${FileName}</arg>
<arg>I$1</arg>
<arg>${colcountry}</arg>
</arguments>
<status status="PASS" starttime="20200924 00:05:07.191" endtime="20200924 00:05:07.239"></status>
</kw>
<kw name="Add Value" library="DataRepository">
<arguments>
<arg>${FileName}</arg>
<arg>J$1</arg>
<arg>${Contact}</arg>
</arguments>
<status status="PASS" starttime="20200924 00:05:07.239" endtime="20200924 00:05:07.291"></status>
</kw>
<kw name="Add Value" library="DataRepository">
<arguments>
<arg>${FileName}</arg>
<arg>K$1</arg>
<arg>${website}</arg>
</arguments>
<status status="PASS" starttime="20200924 00:05:07.291" endtime="20200924 00:05:07.399"></status>
</kw>
<kw name="Add Value" library="DataRepository">
<arguments>
<arg>${FileName}</arg>
<arg>L$1</arg>
<arg>${Menu}</arg>
</arguments>
<status status="PASS" starttime="20200924 00:05:07.399" endtime="20200924 00:05:07.461"></status>
</kw>
<kw name="Add Value" library="DataRepository">
<arguments>
<arg>${FileName}</arg>
<arg>M$1</arg>
<arg>${HoursPrint}</arg>
</arguments>
<status status="PASS" starttime="20200924 00:05:07.463" endtime="20200924 00:05:07.541"></status>
</kw>
<kw name="Add Value" library="DataRepository">
<arguments>
<arg>${FileName}</arg>
<arg>N$1</arg>
<arg>${categorytype}</arg>
</arguments>
<status status="PASS" starttime="20200924 00:05:07.541" endtime="20200924 00:05:07.593"></status>
</kw>
<kw name="Add Value" library="DataRepository">
<arguments>
<arg>${FileName}</arg>
<arg>O$1</arg>
<arg>${colRestTagPrint}</arg>
</arguments>
<status status="PASS" starttime="20200924 00:05:07.595" endtime="20200924 00:05:07.664"></status>
</kw>
<status status="PASS" starttime="20200924 00:05:06.706" endtime="20200924 00:05:07.665"></status>
</kw>
<status status="PASS" starttime="20200924 00:05:06.705" endtime="20200924 00:05:07.665"></status>
</kw>
<kw name="Run Keyword And Return Status" library="BuiltIn">
<doc>Runs the given keyword with given arguments and returns the status as a Boolean value.</doc>
<arguments>
<arg>Element Should Be Visible</arg>
<arg>${FirstRecord}</arg>
</arguments>
<assign>
<var>${DataRestRating}</var>
</assign>
<kw name="Element Should Be Visible" library="SeleniumLibrary">
<doc>Verifies that the element identified by ``locator`` is visible.</doc>
<arguments>
<arg>${FirstRecord}</arg>
</arguments>
<msg timestamp="20200924 00:05:07.814" level="INFO">Element '(//img[@class="rISBZc" and @height="200" and @width="652"])' is displayed.</msg>
<status status="PASS" starttime="20200924 00:05:07.667" endtime="20200924 00:05:07.814"></status>
</kw>
<msg timestamp="20200924 00:05:07.814" level="INFO">${DataRestRating} = True</msg>
<status status="PASS" starttime="20200924 00:05:07.666" endtime="20200924 00:05:07.815"></status>
</kw>
<kw name="Run Keyword If" library="BuiltIn">
<doc>Runs the given keyword with the given arguments, if ``condition`` is true.</doc>
<arguments>
<arg>${DataRestRating}</arg>
<arg>Data is Available</arg>
<arg>ELSE</arg>
<arg>Data is NOT Available</arg>
</arguments>
<kw name="Data is Available">
<kw name="Wait Until Element Is Enabled" library="SeleniumLibrary">
<doc>Waits until the element ``locator`` is enabled.</doc>
<arguments>
<arg>${FirstRecord}</arg>
</arguments>
<status status="PASS" starttime="20200924 00:05:07.820" endtime="20200924 00:05:08.540"></status>
</kw>
<kw name="Set Focus To Element" library="SeleniumLibrary">
<doc>Sets the focus to the element identified by ``locator``.</doc>
<arguments>
<arg>${FirstRecord}</arg>
</arguments>
<status status="PASS" starttime="20200924 00:05:08.540" endtime="20200924 00:05:08.833"></status>
</kw>
<kw name="Click Element" library="SeleniumLibrary">
<doc>Click the element identified by ``locator``.</doc>
<arguments>
<arg>${FirstRecord}</arg>
</arguments>
<msg timestamp="20200924 00:05:08.834" level="INFO">Clicking element '(//img[@class="rISBZc" and @height="200" and @width="652"])'.</msg>
<status status="PASS" starttime="20200924 00:05:08.833" endtime="20200924 00:05:13.533"></status>
</kw>
<status status="PASS" starttime="20200924 00:05:07.818" endtime="20200924 00:05:13.533"></status>
</kw>
<status status="PASS" starttime="20200924 00:05:07.817" endtime="20200924 00:05:13.533"></status>
</kw>
<kw name="Log To Console" library="BuiltIn">
<doc>Logs the given message to the console.</doc>
<arguments>
<arg>${Page}1</arg>
</arguments>
<status status="PASS" starttime="20200924 00:05:13.534" endtime="20200924 00:05:13.539"></status>
</kw>
<kw name="My loop">
<kw name="Wait Until Element Is Visible" library="SeleniumLibrary">
<doc>Waits until the element ``locator`` is visible.</doc>
<arguments>
<arg>${FirstRest}</arg>
</arguments>
<status status="PASS" starttime="20200924 00:05:13.541" endtime="20200924 00:05:13.718"></status>
</kw>
<kw name="Page Should Contain Element" library="SeleniumLibrary">
<doc>Verifies that element ``locator`` is found on the current page.</doc>
<arguments>
<arg>${FirstRest}</arg>
</arguments>
<msg timestamp="20200924 00:05:13.751" level="INFO">Current page contains element '(//*[@class="VkpGBb"])'.</msg>
<status status="PASS" starttime="20200924 00:05:13.719" endtime="20200924 00:05:13.752"></status>
</kw>
<kw name="${loopIndex} IN RANGE [ 1 | ${TotalRecords} ]" type="for">
<kw name="${loopIndex} = 1" type="foritem">
<kw name="Set Test Variable" library="BuiltIn">
<doc>Makes a variable available everywhere within the scope of the current test.</doc>
<arguments>
<arg>${loopIndex}</arg>
</arguments>
<msg timestamp="20200924 00:05:13.755" level="INFO">${loopIndex} = 1</msg>
<status status="PASS" starttime="20200924 00:05:13.753" endtime="20200924 00:05:13.755"></status>
</kw>
<kw name="Check Next Restaurant Availablity" library="Keywords">
<kw name="Run Keyword And Return Status" library="BuiltIn">
<doc>Runs the given keyword with given arguments and returns the status as a Boolean value.</doc>
<arguments>
<arg>Element Should Be Visible</arg>
<arg>(//*[@class="dbg0pd"])[${loopIndex}]</arg>
</arguments>
<assign>
<var>${DataRestRating}</var>
</assign>
<kw name="Element Should Be Visible" library="SeleniumLibrary">
<doc>Verifies that the element identified by ``locator`` is visible.</doc>
<arguments>
<arg>(//*[@class="dbg0pd"])[${loopIndex}]</arg>
</arguments>
<msg timestamp="20200924 00:05:13.844" level="INFO">Element '(//*[@class="dbg0pd"])[1]' is displayed.</msg>
<status status="PASS" starttime="20200924 00:05:13.758" endtime="20200924 00:05:13.844"></status>
</kw>
<msg timestamp="20200924 00:05:13.847" level="INFO">${DataRestRating} = True</msg>
<status status="PASS" starttime="20200924 00:05:13.757" endtime="20200924 00:05:13.847"></status>
</kw>
<kw name="Run Keyword If" library="BuiltIn">
<doc>Runs the given keyword with the given arguments, if ``condition`` is true.</doc>
<arguments>
<arg>${DataRestRating}</arg>
<arg>Next Restaurant is Available</arg>
<arg>ELSE</arg>
<arg>Next Restaurant is Unavailable</arg>
</arguments>
<kw name="Next Restaurant is Available" library="Keywords">
<kw name="Log To Console" library="BuiltIn">
<doc>Logs the given message to the console.</doc>
<arguments>
<arg>${SrNO}${loopIndex}</arg>
</arguments>
<status status="PASS" starttime="20200924 00:05:13.851" endtime="20200924 00:05:13.866"></status>
</kw>
<kw name="Wait Until Element Is Enabled" library="SeleniumLibrary">
<doc>Waits until the element ``locator`` is enabled.</doc>
<arguments>
<arg>(//*[@class="dbg0pd"])[${loopIndex}]</arg>
</arguments>
<status status="PASS" starttime="20200924 00:05:13.867" endtime="20200924 00:05:13.951"></status>
</kw>
<kw name="Set Focus To Element" library="SeleniumLibrary">
<doc>Sets the focus to the element identified by ``locator``.</doc>
<arguments>
<arg>(//*[@class="dbg0pd"])[${loopIndex}]</arg>
</arguments>
<status status="PASS" starttime="20200924 00:05:13.952" endtime="20200924 00:05:13.993"></status>
</kw>
<kw name="Get Text" library="SeleniumLibrary">
<doc>Returns the text value of the element identified by ``locator``.</doc>
<arguments>
<arg>(//*[@class="dbg0pd"])[${loopIndex}]</arg>
</arguments>
<assign>
<var>${RestNamePrint}</var>
</assign>
<msg timestamp="20200924 00:05:14.088" level="INFO">${RestNamePrint} = American Legion High School</msg>
<status status="PASS" starttime="20200924 00:05:13.993" endtime="20200924 00:05:14.088"></status>
</kw>
<kw name="Set Test Variable" library="BuiltIn">
<doc>Makes a variable available everywhere within the scope of the current test.</doc>
<arguments>
<arg>${RestNamePrint}</arg>
</arguments>
<msg timestamp="20200924 00:05:14.090" level="INFO">${RestNamePrint} = American Legion High School</msg>
<status status="PASS" starttime="20200924 00:05:14.088" endtime="20200924 00:05:14.090"></status>
</kw>
<kw name="Log To Console" library="BuiltIn">
<doc>Logs the given message to the console.</doc>
<arguments>
<arg>${Name}${RestNamePrint}</arg>
</arguments>
<status status="PASS" starttime="20200924 00:05:14.091" endtime="20200924 00:05:14.092"></status>
</kw>
<kw name="Click Element" library="SeleniumLibrary">
<doc>Click the element identified by ``locator``.</doc>
<arguments>
<arg>(//*[@class="dbg0pd"])[${loopIndex}]</arg>
</arguments>
<msg timestamp="20200924 00:05:14.093" level="INFO">Clicking element '(//*[@class="dbg0pd"])[1]'.</msg>
<status status="PASS" starttime="20200924 00:05:14.092" endtime="20200924 00:05:14.477"></status>
</kw>
<kw name="Wait Until Element Is Enabled" library="SeleniumLibrary">
<doc>Waits until the element ``locator`` is enabled.</doc>
<arguments>
<arg>${CommonRestPlane}</arg>
</arguments>
<status status="PASS" starttime="20200924 00:05:14.478" endtime="20200924 00:05:15.560"></status>
</kw>
<kw name="Wait Until Element Is Visible" library="SeleniumLibrary">
<doc>Waits until the element ``locator`` is visible.</doc>
<arguments>
<arg>${CommonRestPlane}</arg>
</arguments>
<status status="PASS" starttime="20200924 00:05:15.560" endtime="20200924 00:05:15.691"></status>
</kw>
<kw name="Page Should Contain Element" library="SeleniumLibrary">
<doc>Verifies that element ``locator`` is found on the current page.</doc>
<arguments>
<arg>${CommonRestPlane}</arg>
</arguments>
<msg timestamp="20200924 00:05:16.181" level="INFO">Current page contains element '//*[@class="Ftghae iirjIb DaSCDf"]'.</msg>
<status status="PASS" starttime="20200924 00:05:15.692" endtime="20200924 00:05:16.181"></status>
</kw>
<kw name="Run Keyword And Return Status" library="BuiltIn">
<doc>Runs the given keyword with given arguments and returns the status as a Boolean value.</doc>
<arguments>
<arg>Element Should Be Visible</arg>
<arg>${WebsiteBtn}</arg>
</arguments>
<assign>
<var>${DataRestMenu}</var>
</assign>
<kw name="Element Should Be Visible" library="SeleniumLibrary">
<doc>Verifies that the element identified by ``locator`` is visible.</doc>
<arguments>
<arg>${WebsiteBtn}</arg>
</arguments>
<msg timestamp="20200924 00:05:16.325" level="INFO">Element '(//*[@class="CL9Uqc ab_button"])[1]' is displayed.</msg>
<status status="PASS" starttime="20200924 00:05:16.183" endtime="20200924 00:05:16.326"></status>
</kw>
<msg timestamp="20200924 00:05:16.326" level="INFO">${DataRestMenu} = True</msg>
<status status="PASS" starttime="20200924 00:05:16.182" endtime="20200924 00:05:16.326"></status>
</kw>
<kw name="Run Keyword If" library="BuiltIn">
<doc>Runs the given keyword with the given arguments, if ``condition`` is true.</doc>
<arguments>
<arg>${DataRestMenu}</arg>
<arg>Available Restaurant Website</arg>
<arg>ELSE</arg>
<arg>Unavailable Restaurant Website</arg>
</arguments>
<kw name="Available Restaurant Website" library="Keywords">
<kw name="Get Element Attribute" library="SeleniumLibrary">
<doc>Returns the value of ``attribute`` from the element ``locator``.</doc>
<arguments>
<arg>${WebsiteBtn}</arg>
<arg>href</arg>
</arguments>
<assign>
<var>${RestURL}</var>
</assign>
<msg timestamp="20200924 00:05:16.375" level="INFO">${RestURL} = http://www.scusd.edu/school/american-legion</msg>
<status status="PASS" starttime="20200924 00:05:16.330" endtime="20200924 00:05:16.375"></status>
</kw>
<kw name="Set Test Variable" library="BuiltIn">
<doc>Makes a variable available everywhere within the scope of the current test.</doc>
<arguments>
<arg>${RestURL}</arg>
</arguments>
<msg timestamp="20200924 00:05:16.377" level="INFO">${RestURL} = http://www.scusd.edu/school/american-legion</msg>
<status status="PASS" starttime="20200924 00:05:16.376" endtime="20200924 00:05:16.378"></status>
</kw>
<status status="PASS" starttime="20200924 00:05:16.328" endtime="20200924 00:05:16.378"></status>
</kw>
<status status="PASS" starttime="20200924 00:05:16.327" endtime="20200924 00:05:16.378"></status>
</kw>
<kw name="Run Keyword And Return Status" library="BuiltIn">
<doc>Runs the given keyword with given arguments and returns the status as a Boolean value.</doc>
<arguments>
<arg>Element Should Be Visible</arg>
<arg>${RestRating}</arg>
</arguments>
<assign>
<var>${DataRestRating}</var>
</assign>
<kw name="Element Should Be Visible" library="SeleniumLibrary">
<doc>Verifies that the element identified by ``locator`` is visible.</doc>
<arguments>
<arg>${RestRating}</arg>
</arguments>
<kw name="Capture Page Screenshot" library="SeleniumLibrary">
<doc>Takes a screenshot of the current page and embeds it into a log file.</doc>
<msg timestamp="20200924 00:05:17.225" level="INFO" html="yes">&lt;/td&gt;&lt;/tr&gt;&lt;tr&gt;&lt;td colspan="3"&gt;&lt;a href="selenium-screenshot-1.png"&gt;&lt;img src="selenium-screenshot-1.png" width="800px"&gt;&lt;/a&gt;</msg>
<status status="PASS" starttime="20200924 00:05:16.424" endtime="20200924 00:05:17.225"></status>
</kw>
<msg timestamp="20200924 00:05:17.232" level="FAIL">Element with locator '(//*[@class="Aq14fc"])[7]' not found.</msg>
<status status="FAIL" starttime="20200924 00:05:16.380" endtime="20200924 00:05:17.233"></status>
</kw>
<msg timestamp="20200924 00:05:17.233" level="INFO">${DataRestRating} = False</msg>
<status status="PASS" starttime="20200924 00:05:16.379" endtime="20200924 00:05:17.233"></status>
</kw>
<kw name="Run Keyword If" library="BuiltIn">
<doc>Runs the given keyword with the given arguments, if ``condition`` is true.</doc>
<arguments>
<arg>${DataRestRating}</arg>
<arg>Available Restaurant Rating</arg>
<arg>ELSE</arg>
<arg>Unavailable Restaurant Rating</arg>
</arguments>
<kw name="Unavailable Restaurant Rating" library="Keywords">
<kw name="Set Variable" library="BuiltIn">
<doc>Returns the given values which can then be assigned to a variables.</doc>
<arguments>
<arg>${NODataFound}</arg>
</arguments>
<assign>
<var>${RestRatingPrint}</var>
</assign>
<msg timestamp="20200924 00:05:17.238" level="INFO">${RestRatingPrint} = </msg>
<status status="PASS" starttime="20200924 00:05:17.237" endtime="20200924 00:05:17.238"></status>
</kw>
<kw name="Set Test Variable" library="BuiltIn">
<doc>Makes a variable available everywhere within the scope of the current test.</doc>
<arguments>
<arg>${RestRatingPrint}</arg>
</arguments>
<msg timestamp="20200924 00:05:17.241" level="INFO">${RestRatingPrint} = </msg>
<status status="PASS" starttime="20200924 00:05:17.239" endtime="20200924 00:05:17.241"></status>
</kw>
<status status="PASS" starttime="20200924 00:05:17.235" endtime="20200924 00:05:17.242"></status>
</kw>
<status status="PASS" starttime="20200924 00:05:17.234" endtime="20200924 00:05:17.242"></status>
</kw>
<kw name="Run Keyword And Return Status" library="BuiltIn">
<doc>Runs the given keyword with given arguments and returns the status as a Boolean value.</doc>
<arguments>
<arg>Element Should Be Visible</arg>
<arg>${NoOfGoogleReviews}</arg>
</arguments>
<assign>
<var>${DataRestRating}</var>
</assign>
<kw name="Element Should Be Visible" library="SeleniumLibrary">
<doc>Verifies that the element identified by ``locator`` is visible.</doc>
<arguments>
<arg>${NoOfGoogleReviews}</arg>
</arguments>
<kw name="Capture Page Screenshot" library="SeleniumLibrary">
<doc>Takes a screenshot of the current page and embeds it into a log file.</doc>
<msg timestamp="20200924 00:05:17.815" level="INFO" html="yes">&lt;/td&gt;&lt;/tr&gt;&lt;tr&gt;&lt;td colspan="3"&gt;&lt;a href="selenium-screenshot-2.png"&gt;&lt;img src="selenium-screenshot-2.png" width="800px"&gt;&lt;/a&gt;</msg>
<status status="PASS" starttime="20200924 00:05:17.277" endtime="20200924 00:05:17.816"></status>
</kw>
<msg timestamp="20200924 00:05:17.818" level="FAIL">Element with locator '//*[@class="hqzQac"]' not found.</msg>
<status status="FAIL" starttime="20200924 00:05:17.243" endtime="20200924 00:05:17.819"></status>
</kw>
<msg timestamp="20200924 00:05:17.819" level="INFO">${DataRestRating} = False</msg>
<status status="PASS" starttime="20200924 00:05:17.242" endtime="20200924 00:05:17.819"></status>
</kw>
<kw name="Run Keyword If" library="BuiltIn">
<doc>Runs the given keyword with the given arguments, if ``condition`` is true.</doc>
<arguments>
<arg>${DataRestRating}</arg>
<arg>Available Restaurant Google Review Counts</arg>
<arg>ELSE</arg>
<arg>Unavailable Restaurant Google Review Counts</arg>
</arguments>
<kw name="Unavailable Restaurant Google Review Counts" library="Keywords">
<kw name="Set Variable" library="BuiltIn">
<doc>Returns the given values which can then be assigned to a variables.</doc>
<arguments>
<arg>${NODataFound}</arg>
</arguments>
<assign>
<var>${NoOfGoogleReviewsPrint}</var>
</assign>
<msg timestamp="20200924 00:05:17.825" level="INFO">${NoOfGoogleReviewsPrint} = </msg>
<status status="PASS" starttime="20200924 00:05:17.823" endtime="20200924 00:05:17.825"></status>
</kw>
<kw name="Set Test Variable" library="BuiltIn">
<doc>Makes a variable available everywhere within the scope of the current test.</doc>
<arguments>
<arg>${NoOfGoogleReviewsPrint}</arg>
</arguments>
<msg timestamp="20200924 00:05:17.828" level="INFO">${NoOfGoogleReviewsPrint} = </msg>
<status status="PASS" starttime="20200924 00:05:17.826" endtime="20200924 00:05:17.828"></status>
</kw>
<status status="PASS" starttime="20200924 00:05:17.821" endtime="20200924 00:05:17.829"></status>
</kw>
<status status="PASS" starttime="20200924 00:05:17.820" endtime="20200924 00:05:17.829"></status>
</kw>
<kw name="Run Keyword And Return Status" library="BuiltIn">
<doc>Runs the given keyword with given arguments and returns the status as a Boolean value.</doc>
<arguments>
<arg>Element Should Be Visible</arg>
<arg>${RestTag}</arg>
</arguments>
<assign>
<var>${DataRestRating}</var>
</assign>
<kw name="Element Should Be Visible" library="SeleniumLibrary">
<doc>Verifies that the element identified by ``locator`` is visible.</doc>
<arguments>
<arg>${RestTag}</arg>
</arguments>
<msg timestamp="20200924 00:05:17.940" level="INFO">Element '(//*[@class="YhemCb"])' is displayed.</msg>
<status status="PASS" starttime="20200924 00:05:17.831" endtime="20200924 00:05:17.941"></status>
</kw>
<msg timestamp="20200924 00:05:17.941" level="INFO">${DataRestRating} = True</msg>
<status status="PASS" starttime="20200924 00:05:17.830" endtime="20200924 00:05:17.941"></status>
</kw>
<kw name="Run Keyword If" library="BuiltIn">
<doc>Runs the given keyword with the given arguments, if ``condition`` is true.</doc>
<arguments>
<arg>${DataRestRating}</arg>
<arg>Restaurant Tag is Available</arg>
<arg>ELSE</arg>
<arg>Restaurant Tag is Unavailable</arg>
</arguments>
<kw name="Restaurant Tag is Available" library="Keywords">
<kw name="Run Keyword And Return Status" library="BuiltIn">
<doc>Runs the given keyword with given arguments and returns the status as a Boolean value.</doc>
<arguments>
<arg>Element Should Be Visible</arg>
<arg>${RestTag2}</arg>
</arguments>
<assign>
<var>${DataRestRating}</var>
</assign>
<kw name="Element Should Be Visible" library="SeleniumLibrary">
<doc>Verifies that the element identified by ``locator`` is visible.</doc>
<arguments>
<arg>${RestTag2}</arg>
</arguments>
<kw name="Capture Page Screenshot" library="SeleniumLibrary">
<doc>Takes a screenshot of the current page and embeds it into a log file.</doc>
<msg timestamp="20200924 00:05:18.709" level="INFO" html="yes">&lt;/td&gt;&lt;/tr&gt;&lt;tr&gt;&lt;td colspan="3"&gt;&lt;a href="selenium-screenshot-3.png"&gt;&lt;img src="selenium-screenshot-3.png" width="800px"&gt;&lt;/a&gt;</msg>
<status status="PASS" starttime="20200924 00:05:17.988" endtime="20200924 00:05:18.709"></status>
</kw>
<msg timestamp="20200924 00:05:18.715" level="FAIL">Element with locator '(//*[@class="YhemCb"])[2]' not found.</msg>
<status status="FAIL" starttime="20200924 00:05:17.946" endtime="20200924 00:05:18.715"></status>
</kw>
<msg timestamp="20200924 00:05:18.716" level="INFO">${DataRestRating} = False</msg>
<status status="PASS" starttime="20200924 00:05:17.945" endtime="20200924 00:05:18.716"></status>
</kw>
<kw name="Run Keyword If" library="BuiltIn">
<doc>Runs the given keyword with the given arguments, if ``condition`` is true.</doc>
<arguments>
<arg>${DataRestRating}</arg>
<arg>Print Second Entity</arg>
<arg>ELSE</arg>
<arg>Print Available Entity</arg>
</arguments>
<kw name="Print Available Entity" library="Keywords">
<kw name="Get Text" library="SeleniumLibrary">
<doc>Returns the text value of the element identified by ``locator``.</doc>
<arguments>
<arg>${RestTag}</arg>
</arguments>
<assign>
<var>${RestTagPrint}</var>
</assign>
<msg timestamp="20200924 00:05:18.855" level="INFO">${RestTagPrint} = School in Sacramento, California</msg>
<status status="PASS" starttime="20200924 00:05:18.721" endtime="20200924 00:05:18.855"></status>
</kw>
<kw name="Set Test Variable" library="BuiltIn">
<doc>Makes a variable available everywhere within the scope of the current test.</doc>
<arguments>
<arg>${RestTagPrint}</arg>
</arguments>
<msg timestamp="20200924 00:05:18.857" level="INFO">${RestTagPrint} = School in Sacramento, California</msg>
<status status="PASS" starttime="20200924 00:05:18.855" endtime="20200924 00:05:18.858"></status>
</kw>
<kw name="Log To Console" library="BuiltIn">
<doc>Logs the given message to the console.</doc>
<arguments>
<arg>${RestTagPrint}</arg>
</arguments>
<status status="PASS" starttime="20200924 00:05:18.858" endtime="20200924 00:05:18.880"></status>
</kw>
<status status="PASS" starttime="20200924 00:05:18.718" endtime="20200924 00:05:18.880"></status>
</kw>
<status status="PASS" starttime="20200924 00:05:18.717" endtime="20200924 00:05:18.880"></status>
</kw>
<status status="PASS" starttime="20200924 00:05:17.943" endtime="20200924 00:05:18.881"></status>
</kw>
<status status="PASS" starttime="20200924 00:05:17.942" endtime="20200924 00:05:18.881"></status>
</kw>
<kw name="Run Keyword And Return Status" library="BuiltIn">
<doc>Runs the given keyword with given arguments and returns the status as a Boolean value.</doc>
<arguments>
<arg>Element Should Be Visible</arg>
<arg>${RestAddress}</arg>
</arguments>
<assign>
<var>${DataRestMenu}</var>
</assign>
<kw name="Element Should Be Visible" library="SeleniumLibrary">
<doc>Verifies that the element identified by ``locator`` is visible.</doc>
<arguments>
<arg>${RestAddress}</arg>
</arguments>
<msg timestamp="20200924 00:05:19.094" level="INFO">Element '//*[@class="LrzXr"]' is displayed.</msg>
<status status="PASS" starttime="20200924 00:05:18.883" endtime="20200924 00:05:19.095"></status>
</kw>
<msg timestamp="20200924 00:05:19.096" level="INFO">${DataRestMenu} = True</msg>
<status status="PASS" starttime="20200924 00:05:18.882" endtime="20200924 00:05:19.096"></status>
</kw>
<kw name="Run Keyword If" library="BuiltIn">
<doc>Runs the given keyword with the given arguments, if ``condition`` is true.</doc>
<arguments>
<arg>${DataRestMenu}</arg>
<arg>Available Restaurant Address</arg>
<arg>ELSE</arg>
<arg>Unavailable Restaurant Address</arg>
</arguments>
<kw name="Available Restaurant Address" library="Keywords">
<kw name="Get Text" library="SeleniumLibrary">
<doc>Returns the text value of the element identified by ``locator``.</doc>
<arguments>
<arg>${RestAddress}</arg>
</arguments>
<assign>
<var>${GetRestAddressPrint}</var>
</assign>
<msg timestamp="20200924 00:05:19.273" level="INFO">${GetRestAddressPrint} = 3801 Broadway, Sacramento, CA 95817, United States</msg>
<status status="PASS" starttime="20200924 00:05:19.100" endtime="20200924 00:05:19.274"></status>
</kw>
<kw name="Split String" library="String">
<doc>Splits the ``string`` using ``separator`` as a delimiter string.</doc>
<arguments>
<arg>${GetRestAddressPrint}</arg>
<arg>,${SPACE}</arg>
</arguments>
<assign>
<var>@{GetRestAddressPrintSplit}</var>
</assign>
<msg timestamp="20200924 00:05:19.277" level="INFO">@{GetRestAddressPrintSplit} = [ 3801 Broadway | Sacramento | CA 95817 | United States ]</msg>
<status status="PASS" starttime="20200924 00:05:19.274" endtime="20200924 00:05:19.277"></status>
</kw>
<kw name="Reverse List" library="Collections">
<doc>Reverses the given list in place.</doc>
<arguments>
<arg>${GetRestAddressPrintSplit}</arg>
</arguments>
<status status="PASS" starttime="20200924 00:05:19.278" endtime="20200924 00:05:19.279"></status>
</kw>
<kw name="Set Test Variable" library="BuiltIn">
<doc>Makes a variable available everywhere within the scope of the current test.</doc>
<arguments>
<arg>${GetRestAddressPrintSplit}</arg>
</arguments>
<msg timestamp="20200924 00:05:19.282" level="INFO">${GetRestAddressPrintSplit} = ['United States', 'CA 95817', 'Sacramento', '3801 Broadway']</msg>
<status status="PASS" starttime="20200924 00:05:19.280" endtime="20200924 00:05:19.282"></status>
</kw>
<kw name="Get From List" library="Collections">
<doc>Returns the value specified with an ``index`` from ``list``.</doc>
<arguments>
<arg>${GetRestAddressPrintSplit}</arg>
<arg>0</arg>
</arguments>
<assign>
<var>${country}</var>
</assign>
<msg timestamp="20200924 00:05:19.284" level="INFO">${country} = United States</msg>
<status status="PASS" starttime="20200924 00:05:19.283" endtime="20200924 00:05:19.285"></status>
</kw>
<kw name="Set Test Variable" library="BuiltIn">
<doc>Makes a variable available everywhere within the scope of the current test.</doc>
<arguments>
<arg>${country}</arg>
</arguments>
<msg timestamp="20200924 00:05:19.289" level="INFO">${country} = United States</msg>
<status status="PASS" starttime="20200924 00:05:19.286" endtime="20200924 00:05:19.289"></status>
</kw>
<kw name="Get From List" library="Collections">
<doc>Returns the value specified with an ``index`` from ``list``.</doc>
<arguments>
<arg>${GetRestAddressPrintSplit}</arg>
<arg>1</arg>
</arguments>
<assign>
<var>${ZipcodeAndState}</var>
</assign>
<msg timestamp="20200924 00:05:19.293" level="INFO">${ZipcodeAndState} = CA 95817</msg>
<status status="PASS" starttime="20200924 00:05:19.290" endtime="20200924 00:05:19.293"></status>
</kw>
<kw name="Split String" library="String">
<doc>Splits the ``string`` using ``separator`` as a delimiter string.</doc>
<arguments>
<arg>${ZipcodeAndState}</arg>
<arg>${SPACE}</arg>
</arguments>
<assign>
<var>@{ZipcodeAndStateSplit}</var>
</assign>
<msg timestamp="20200924 00:05:19.298" level="INFO">@{ZipcodeAndStateSplit} = [ CA | 95817 ]</msg>
<status status="PASS" starttime="20200924 00:05:19.294" endtime="20200924 00:05:19.298"></status>
</kw>
<kw name="Get From List" library="Collections">
<doc>Returns the value specified with an ``index`` from ``list``.</doc>
<arguments>
<arg>${ZipcodeAndStateSplit}</arg>
<arg>0</arg>
</arguments>
<assign>
<var>${state}</var>
</assign>
<msg timestamp="20200924 00:05:19.300" level="INFO">${state} = CA</msg>
<status status="PASS" starttime="20200924 00:05:19.299" endtime="20200924 00:05:19.300"></status>
</kw>
<kw name="Set Test Variable" library="BuiltIn">
<doc>Makes a variable available everywhere within the scope of the current test.</doc>
<arguments>
<arg>${state}</arg>
</arguments>
<msg timestamp="20200924 00:05:19.304" level="INFO">${state} = CA</msg>
<status status="PASS" starttime="20200924 00:05:19.301" endtime="20200924 00:05:19.304"></status>
</kw>
<kw name="Get From List" library="Collections">
<doc>Returns the value specified with an ``index`` from ``list``.</doc>
<arguments>
<arg>${ZipcodeAndStateSplit}</arg>
<arg>1</arg>
</arguments>
<assign>
<var>${zipcode}</var>
</assign>
<msg timestamp="20200924 00:05:19.307" level="INFO">${zipcode} = 95817</msg>
<status status="PASS" starttime="20200924 00:05:19.305" endtime="20200924 00:05:19.307"></status>
</kw>
<kw name="Set Test Variable" library="BuiltIn">
<doc>Makes a variable available everywhere within the scope of the current test.</doc>
<arguments>
<arg>${zipcode}</arg>
</arguments>
<msg timestamp="20200924 00:05:19.309" level="INFO">${zipcode} = 95817</msg>
<status status="PASS" starttime="20200924 00:05:19.308" endtime="20200924 00:05:19.309"></status>
</kw>
<kw name="Get From List" library="Collections">
<doc>Returns the value specified with an ``index`` from ``list``.</doc>
<arguments>
<arg>${GetRestAddressPrintSplit}</arg>
<arg>2</arg>
</arguments>
<assign>
<var>${city}</var>
</assign>
<msg timestamp="20200924 00:05:19.312" level="INFO">${city} = Sacramento</msg>
<status status="PASS" starttime="20200924 00:05:19.310" endtime="20200924 00:05:19.312"></status>
</kw>
<kw name="Set Test Variable" library="BuiltIn">
<doc>Makes a variable available everywhere within the scope of the current test.</doc>
<arguments>
<arg>${city}</arg>
</arguments>
<msg timestamp="20200924 00:05:19.314" level="INFO">${city} = Sacramento</msg>
<status status="PASS" starttime="20200924 00:05:19.313" endtime="20200924 00:05:19.315"></status>
</kw>
<kw name="Run Keyword And Return Status" library="BuiltIn">
<doc>Runs the given keyword with given arguments and returns the status as a Boolean value.</doc>
<arguments>
<arg>Get From List</arg>
<arg>${GetRestAddressPrintSplit}</arg>
<arg>3</arg>
</arguments>
<assign>
<var>${DataRestMenu}</var>
</assign>
<kw name="Get From List" library="Collections">
<doc>Returns the value specified with an ``index`` from ``list``.</doc>
<arguments>
<arg>${GetRestAddressPrintSplit}</arg>
<arg>3</arg>
</arguments>
<status status="PASS" starttime="20200924 00:05:19.316" endtime="20200924 00:05:19.318"></status>
</kw>
<msg timestamp="20200924 00:05:19.318" level="INFO">${DataRestMenu} = True</msg>
<status status="PASS" starttime="20200924 00:05:19.315" endtime="20200924 00:05:19.318"></status>
</kw>
<kw name="Run Keyword If" library="BuiltIn">
<doc>Runs the given keyword with the given arguments, if ``condition`` is true.</doc>
<arguments>
<arg>${DataRestMenu}</arg>
<arg>Check for fourth Index</arg>
<arg>ELSE</arg>
<arg>Index three is not available</arg>
</arguments>
<kw name="Check for fourth Index" library="Keywords">
<kw name="Run Keyword And Return Status" library="BuiltIn">
<doc>Runs the given keyword with given arguments and returns the status as a Boolean value.</doc>
<arguments>
<arg>Get From List</arg>
<arg>${GetRestAddressPrintSplit}</arg>
<arg>4</arg>
</arguments>
<assign>
<var>${DataRestMenu}</var>
</assign>
<kw name="Get From List" library="Collections">
<doc>Returns the value specified with an ``index`` from ``list``.</doc>
<arguments>
<arg>${GetRestAddressPrintSplit}</arg>
<arg>4</arg>
</arguments>
<msg timestamp="20200924 00:05:19.325" level="FAIL">IndexError: Given index 4 is out of the range 0-3.</msg>
<status status="FAIL" starttime="20200924 00:05:19.324" endtime="20200924 00:05:19.326"></status>
</kw>
<msg timestamp="20200924 00:05:19.326" level="INFO">${DataRestMenu} = False</msg>
<status status="PASS" starttime="20200924 00:05:19.323" endtime="20200924 00:05:19.326"></status>
</kw>
<kw name="Run Keyword If" library="BuiltIn">
<doc>Runs the given keyword with the given arguments, if ``condition`` is true.</doc>
<arguments>
<arg>${DataRestMenu}</arg>
<arg>Print index four</arg>
<arg>ELSE</arg>
<arg>Print index three</arg>
</arguments>
<kw name="Print index three" library="Keywords">
<kw name="Get From List" library="Collections">
<doc>Returns the value specified with an ``index`` from ``list``.</doc>
<arguments>
<arg>${GetRestAddressPrintSplit}</arg>
<arg>3</arg>
</arguments>
<assign>
<var>${street}</var>
</assign>
<msg timestamp="20200924 00:05:19.333" level="INFO">${street} = 3801 Broadway</msg>
<status status="PASS" starttime="20200924 00:05:19.332" endtime="20200924 00:05:19.333"></status>
</kw>
<kw name="Set Test Variable" library="BuiltIn">
<doc>Makes a variable available everywhere within the scope of the current test.</doc>
<arguments>
<arg>${street}</arg>
</arguments>
<msg timestamp="20200924 00:05:19.336" level="INFO">${street} = 3801 Broadway</msg>
<status status="PASS" starttime="20200924 00:05:19.334" endtime="20200924 00:05:19.336"></status>
</kw>
<status status="PASS" starttime="20200924 00:05:19.328" endtime="20200924 00:05:19.337"></status>
</kw>
<status status="PASS" starttime="20200924 00:05:19.327" endtime="20200924 00:05:19.337"></status>
</kw>
<status status="PASS" starttime="20200924 00:05:19.320" endtime="20200924 00:05:19.338"></status>
</kw>
<status status="PASS" starttime="20200924 00:05:19.319" endtime="20200924 00:05:19.338"></status>
</kw>
<status status="PASS" starttime="20200924 00:05:19.098" endtime="20200924 00:05:19.339"></status>
</kw>
<status status="PASS" starttime="20200924 00:05:19.096" endtime="20200924 00:05:19.339"></status>
</kw>
<kw name="Run Keyword And Return Status" library="BuiltIn">
<doc>Runs the given keyword with given arguments and returns the status as a Boolean value.</doc>
<arguments>
<arg>Element Should Not Be Visible</arg>
<arg>${Hours}</arg>
</arguments>
<assign>
<var>${DataRestRating}</var>
</assign>
<kw name="Element Should Not Be Visible" library="SeleniumLibrary">
<doc>Verifies that the element identified by ``locator`` is NOT visible.</doc>
<arguments>
<arg>${Hours}</arg>
</arguments>
<msg timestamp="20200924 00:05:19.397" level="INFO">Element '//*[@class="JjSWRd"]' did not exist.</msg>
<status status="PASS" starttime="20200924 00:05:19.341" endtime="20200924 00:05:19.397"></status>
</kw>
<msg timestamp="20200924 00:05:19.398" level="INFO">${DataRestRating} = True</msg>
<status status="PASS" starttime="20200924 00:05:19.340" endtime="20200924 00:05:19.398"></status>
</kw>
<kw name="Run Keyword If" library="BuiltIn">
<doc>Runs the given keyword with the given arguments, if ``condition`` is true.</doc>
<arguments>
<arg>${DataRestRating}</arg>
<arg>Unavailable Restaurant Hours on Google</arg>
<arg>ELSE</arg>
<arg>Available Restaurant Hours on Google</arg>
</arguments>
<kw name="Unavailable Restaurant Hours on Google" library="Keywords">
<kw name="Set Variable" library="BuiltIn">
<doc>Returns the given values which can then be assigned to a variables.</doc>
<arguments>
<arg>${NODataFound}</arg>
</arguments>
<assign>
<var>${HoursPrint}</var>
</assign>
<msg timestamp="20200924 00:05:19.404" level="INFO">${HoursPrint} = </msg>
<status status="PASS" starttime="20200924 00:05:19.403" endtime="20200924 00:05:19.404"></status>
</kw>
<kw name="Set Test Variable" library="BuiltIn">
<doc>Makes a variable available everywhere within the scope of the current test.</doc>
<arguments>
<arg>${HoursPrint}</arg>
</arguments>
<msg timestamp="20200924 00:05:19.406" level="INFO">${HoursPrint} = </msg>
<status status="PASS" starttime="20200924 00:05:19.405" endtime="20200924 00:05:19.406"></status>
</kw>
<kw name="Log To Console" library="BuiltIn">
<doc>Logs the given message to the console.</doc>
<arguments>
<arg>No Data Found - Google haven't Hours Data of this Restaurant</arg>
</arguments>
<status status="PASS" starttime="20200924 00:05:19.407" endtime="20200924 00:05:19.408"></status>
</kw>
<status status="PASS" starttime="20200924 00:05:19.399" endtime="20200924 00:05:19.408"></status>
</kw>
<status status="PASS" starttime="20200924 00:05:19.398" endtime="20200924 00:05:19.408"></status>
</kw>
<kw name="Run Keyword And Return Status" library="BuiltIn">
<doc>Runs the given keyword with given arguments and returns the status as a Boolean value.</doc>
<arguments>
<arg>Element Should Be Visible</arg>
<arg>${RestMenu}</arg>
</arguments>
<assign>
<var>${DataRestMenu}</var>
</assign>
<kw name="Element Should Be Visible" library="SeleniumLibrary">
<doc>Verifies that the element identified by ``locator`` is visible.</doc>
<arguments>
<arg>${RestMenu}</arg>
</arguments>
<msg timestamp="20200924 00:05:19.516" level="INFO">Element '(//*[@class="fl"])[13]' is displayed.</msg>
<status status="PASS" starttime="20200924 00:05:19.410" endtime="20200924 00:05:19.517"></status>
</kw>
<msg timestamp="20200924 00:05:19.517" level="INFO">${DataRestMenu} = True</msg>
<status status="PASS" starttime="20200924 00:05:19.409" endtime="20200924 00:05:19.517"></status>
</kw>
<kw name="Run Keyword If" library="BuiltIn">
<doc>Runs the given keyword with the given arguments, if ``condition`` is true.</doc>
<arguments>
<arg>${DataRestMenu}</arg>
<arg>Available Restaurant MenuLink</arg>
<arg>ELSE</arg>
<arg>Unavailable Restaurant MenuLink</arg>
</arguments>
<kw name="Available Restaurant MenuLink" library="Keywords">
<kw name="Get Element Attribute" library="SeleniumLibrary">
<doc>Returns the value of ``attribute`` from the element ``locator``.</doc>
<arguments>
<arg>${RestMenu}</arg>
<arg>href</arg>
</arguments>
<assign>
<var>${RestMenuPrint}</var>
</assign>
<msg timestamp="20200924 00:05:19.588" level="INFO">${RestMenuPrint} = https://www.google.com/search?q=Sacramento+City+Unified+School+District&amp;stick=H4sIAAAAAAAAAOPgE-LSz9U3MDczMs5OU-IEsZNyqkoqtWSzk630U1NKkxNLMvPz9IuTM_Lzc6xSMotLijKTSxaxqgcnJhcl5qbmleQrOGeWVCqE5mWmZaamKA...</msg>
<status status="PASS" starttime="20200924 00:05:19.522" endtime="20200924 00:05:19.588"></status>
</kw>
<kw name="Set Test Variable" library="BuiltIn">
<doc>Makes a variable available everywhere within the scope of the current test.</doc>
<arguments>
<arg>${RestMenuPrint}</arg>
</arguments>
<msg timestamp="20200924 00:05:19.590" level="INFO">${RestMenuPrint} = https://www.google.com/search?q=Sacramento+City+Unified+School+District&amp;stick=H4sIAAAAAAAAAOPgE-LSz9U3MDczMs5OU-IEsZNyqkoqtWSzk630U1NKkxNLMvPz9IuTM_Lzc6xSMotLijKTSxaxqgcnJhcl5qbmleQrOGeWVCqE5mWmZaamKA...</msg>
<status status="PASS" starttime="20200924 00:05:19.588" endtime="20200924 00:05:19.590"></status>
</kw>
<status status="PASS" starttime="20200924 00:05:19.519" endtime="20200924 00:05:19.591"></status>
</kw>
<status status="PASS" starttime="20200924 00:05:19.518" endtime="20200924 00:05:19.591"></status>
</kw>
<kw name="Run Keyword And Return Status" library="BuiltIn">
<doc>Runs the given keyword with given arguments and returns the status as a Boolean value.</doc>
<arguments>
<arg>Element Should Be Visible</arg>
<arg>${RestContactNo}</arg>
</arguments>
<assign>
<var>${DataRestMenu}</var>
</assign>
<kw name="Element Should Be Visible" library="SeleniumLibrary">
<doc>Verifies that the element identified by ``locator`` is visible.</doc>
<arguments>
<arg>${RestContactNo}</arg>
</arguments>
<msg timestamp="20200924 00:05:19.909" level="INFO">Element '//*[@class="LrzXr zdqRlf kno-fv"]' is displayed.</msg>
<status status="PASS" starttime="20200924 00:05:19.593" endtime="20200924 00:05:19.910"></status>
</kw>
<msg timestamp="20200924 00:05:19.910" level="INFO">${DataRestMenu} = True</msg>
<status status="PASS" starttime="20200924 00:05:19.592" endtime="20200924 00:05:19.910"></status>
</kw>
<kw name="Run Keyword If" library="BuiltIn">
<doc>Runs the given keyword with the given arguments, if ``condition`` is true.</doc>
<arguments>
<arg>${DataRestMenu}</arg>
<arg>Available Restaurant ContactNO</arg>
<arg>ELSE</arg>
<arg>Unavailable Restaurant ContactNO</arg>
</arguments>
<kw name="Available Restaurant ContactNO" library="Keywords">
<kw name="Get Text" library="SeleniumLibrary">
<doc>Returns the text value of the element identified by ``locator``.</doc>
<arguments>
<arg>${RestContactNo}</arg>
</arguments>
<assign>
<var>${RestContactNoPrint}</var>
</assign>
<msg timestamp="20200924 00:05:20.015" level="INFO">${RestContactNoPrint} = +1 916-277-6600</msg>
<status status="PASS" starttime="20200924 00:05:19.916" endtime="20200924 00:05:20.015"></status>
</kw>
<kw name="Set Test Variable" library="BuiltIn">
<doc>Makes a variable available everywhere within the scope of the current test.</doc>
<arguments>
<arg>${RestContactNoPrint}</arg>
</arguments>
<msg timestamp="20200924 00:05:20.018" level="INFO">${RestContactNoPrint} = +1 916-277-6600</msg>
<status status="PASS" starttime="20200924 00:05:20.016" endtime="20200924 00:05:20.018"></status>
</kw>
<status status="PASS" starttime="20200924 00:05:19.912" endtime="20200924 00:05:20.019"></status>
</kw>
<status status="PASS" starttime="20200924 00:05:19.911" endtime="20200924 00:05:20.019"></status>
</kw>
<kw name="Wait Until Element Is Enabled" library="SeleniumLibrary">
<doc>Waits until the element ``locator`` is enabled.</doc>
<arguments>
<arg>${CloseCommonRestPlane}</arg>
</arguments>
<status status="PASS" starttime="20200924 00:05:20.019" endtime="20200924 00:05:20.109"></status>
</kw>
<kw name="Click Element" library="SeleniumLibrary">
<doc>Click the element identified by ``locator``.</doc>
<arguments>
<arg>${CloseCommonRestPlane}</arg>
</arguments>
<msg timestamp="20200924 00:05:20.110" level="INFO">Clicking element '//*[@class="QU77pf" and @role="button"]'.</msg>
<status status="PASS" starttime="20200924 00:05:20.109" endtime="20200924 00:05:20.380"></status>
</kw>
<kw name="Put data into Xlsx Sheet" library="Keywords">
<kw name="Get Maxrow" library="DataRepository">
<arguments>
<arg>${FileName}</arg>
</arguments>
<assign>
<var>${GetMaxRow}</var>
</assign>
<msg timestamp="20200924 00:05:20.441" level="INFO">${GetMaxRow} = 1</msg>
<status status="PASS" starttime="20200924 00:05:20.383" endtime="20200924 00:05:20.442"></status>
</kw>
<kw name="Set Variable" library="BuiltIn">
<doc>Returns the given values which can then be assigned to a variables.</doc>
<arguments>
<arg>${GetMaxRow+1}</arg>
</arguments>
<assign>
<var>${PrintGetMaxRow}</var>
</assign>
<msg timestamp="20200924 00:05:20.444" level="INFO">${PrintGetMaxRow} = 2</msg>
<status status="PASS" starttime="20200924 00:05:20.442" endtime="20200924 00:05:20.444"></status>
</kw>
<kw name="Add Value" library="DataRepository">
<arguments>
<arg>${FileName}</arg>
<arg>A${PrintGetMaxRow}</arg>
<arg>${GetMaxRow}</arg>
</arguments>
<status status="PASS" starttime="20200924 00:05:20.444" endtime="20200924 00:05:20.547"></status>
</kw>
<kw name="Add Value" library="DataRepository">
<arguments>
<arg>${FileName}</arg>
<arg>B${PrintGetMaxRow}</arg>
<arg>${RestNamePrint}</arg>
</arguments>
<status status="PASS" starttime="20200924 00:05:20.547" endtime="20200924 00:05:20.699"></status>
</kw>
<kw name="Add Value" library="DataRepository">
<arguments>
<arg>${FileName}</arg>
<arg>C${PrintGetMaxRow}</arg>
<arg>${RestRatingPrint}</arg>
</arguments>
<status status="PASS" starttime="20200924 00:05:20.701" endtime="20200924 00:05:20.761"></status>
</kw>
<kw name="Add Value" library="DataRepository">
<arguments>
<arg>${FileName}</arg>
<arg>D${PrintGetMaxRow}</arg>
<arg>${NoOfGoogleReviewsPrint}</arg>
</arguments>
<status status="PASS" starttime="20200924 00:05:20.761" endtime="20200924 00:05:20.802"></status>
</kw>
<kw name="Add Value" library="DataRepository">
<arguments>
<arg>${FileName}</arg>
<arg>E${PrintGetMaxRow}</arg>
<arg>${street}</arg>
</arguments>
<status status="PASS" starttime="20200924 00:05:20.802" endtime="20200924 00:05:20.839"></status>
</kw>
<kw name="Add Value" library="DataRepository">
<arguments>
<arg>${FileName}</arg>
<arg>F${PrintGetMaxRow}</arg>
<arg>${city}</arg>
</arguments>
<status status="PASS" starttime="20200924 00:05:20.839" endtime="20200924 00:05:20.874"></status>
</kw>
<kw name="Add Value" library="DataRepository">
<arguments>
<arg>${FileName}</arg>
<arg>G${PrintGetMaxRow}</arg>
<arg>${state}</arg>
</arguments>
<status status="PASS" starttime="20200924 00:05:20.875" endtime="20200924 00:05:20.909"></status>
</kw>
<kw name="Add Value" library="DataRepository">
<arguments>
<arg>${FileName}</arg>
<arg>H${PrintGetMaxRow}</arg>
<arg>${zipcode}</arg>
</arguments>
<status status="PASS" starttime="20200924 00:05:20.909" endtime="20200924 00:05:20.944"></status>
</kw>
<kw name="Add Value" library="DataRepository">
<arguments>
<arg>${FileName}</arg>
<arg>I${PrintGetMaxRow}</arg>
<arg>${country}</arg>
</arguments>
<status status="PASS" starttime="20200924 00:05:20.946" endtime="20200924 00:05:20.981"></status>
</kw>
<kw name="Add Value" library="DataRepository">
<arguments>
<arg>${FileName}</arg>
<arg>J${PrintGetMaxRow}</arg>
<arg>${RestContactNoPrint}</arg>
</arguments>
<status status="PASS" starttime="20200924 00:05:20.982" endtime="20200924 00:05:21.016"></status>
</kw>
<kw name="Add Value" library="DataRepository">
<arguments>
<arg>${FileName}</arg>
<arg>K${PrintGetMaxRow}</arg>
<arg>${RestURL}</arg>
</arguments>
<status status="PASS" starttime="20200924 00:05:21.017" endtime="20200924 00:05:21.057"></status>
</kw>
<kw name="Add Value" library="DataRepository">
<arguments>
<arg>${FileName}</arg>
<arg>L${PrintGetMaxRow}</arg>
<arg>${RestMenuPrint}</arg>
</arguments>
<status status="PASS" starttime="20200924 00:05:21.058" endtime="20200924 00:05:21.092"></status>
</kw>
<kw name="Add Value" library="DataRepository">
<arguments>
<arg>${FileName}</arg>
<arg>M${PrintGetMaxRow}</arg>
<arg>${HoursPrint}</arg>
</arguments>
<status status="PASS" starttime="20200924 00:05:21.093" endtime="20200924 00:05:21.129"></status>
</kw>
<kw name="Add Value" library="DataRepository">
<arguments>
<arg>${FileName}</arg>
<arg>N${PrintGetMaxRow}</arg>
<arg>${category_code}</arg>
</arguments>
<status status="PASS" starttime="20200924 00:05:21.130" endtime="20200924 00:05:21.168"></status>
</kw>
<kw name="Add Value" library="DataRepository">
<arguments>
<arg>${FileName}</arg>
<arg>O${PrintGetMaxRow}</arg>
<arg>${RestTagPrint}</arg>
</arguments>
<status status="PASS" starttime="20200924 00:05:21.169" endtime="20200924 00:05:21.203"></status>
</kw>
<status status="PASS" starttime="20200924 00:05:20.380" endtime="20200924 00:05:21.203"></status>
</kw>
<status status="PASS" starttime="20200924 00:05:13.849" endtime="20200924 00:05:21.204"></status>
</kw>
<status status="PASS" starttime="20200924 00:05:13.847" endtime="20200924 00:05:21.204"></status>
</kw>
<status status="PASS" starttime="20200924 00:05:13.756" endtime="20200924 00:05:21.204"></status>
</kw>
<status status="PASS" starttime="20200924 00:05:13.753" endtime="20200924 00:05:21.204"></status>
</kw>
<status status="PASS" starttime="20200924 00:05:13.752" endtime="20200924 00:05:21.204"></status>
</kw>
<status status="PASS" starttime="20200924 00:05:13.539" endtime="20200924 00:05:21.205"></status>
</kw>
<kw name="Second MyLoop">
<kw name="${PageIndex} IN RANGE [ 2 | ${TotalPages} ]" type="for">
<status status="PASS" starttime="20200924 00:05:21.207" endtime="20200924 00:05:21.208"></status>
</kw>
<status status="PASS" starttime="20200924 00:05:21.205" endtime="20200924 00:05:21.208"></status>
</kw>
<kw name="Click Element" library="SeleniumLibrary">
<doc>Click the element identified by ``locator``.</doc>
<arguments>
<arg>${GoogleHomePage}</arg>
</arguments>
<msg timestamp="20200924 00:05:21.209" level="INFO">Clicking element '//*[@id="logo"]'.</msg>
<status status="PASS" starttime="20200924 00:05:21.208" endtime="20200924 00:05:23.027"></status>
</kw>
<status status="PASS" starttime="20200924 00:05:03.268" endtime="20200924 00:05:23.028"></status>
</kw>
<kw name="${x} = {'query': 'All High School in Trenton, NJ United States', 'categorycode': '3', 'filename': '3_Category.xlsx'}" type="foritem">
<kw name="Get From Dictionary" library="Collections">
<doc>Returns a value from the given ``dictionary`` based on the given ``key``.</doc>
<arguments>
<arg>${x}</arg>
<arg>${Key_query}</arg>
</arguments>
<assign>
<var>${SearchQuery}</var>
</assign>
<msg timestamp="20200924 00:05:23.029" level="INFO">${SearchQuery} = All High School in Trenton, NJ United States</msg>
<status status="PASS" starttime="20200924 00:05:23.028" endtime="20200924 00:05:23.029"></status>
</kw>
<kw name="Log To Console" library="BuiltIn">
<doc>Logs the given message to the console.</doc>
<arguments>
<arg>${SearchQuery}</arg>
</arguments>
<status status="PASS" starttime="20200924 00:05:23.029" endtime="20200924 00:05:23.030"></status>
</kw>
<kw name="Get From Dictionary" library="Collections">
<doc>Returns a value from the given ``dictionary`` based on the given ``key``.</doc>
<arguments>
<arg>${x}</arg>
<arg>${Key_filename}</arg>
</arguments>
<assign>
<var>${file_name}</var>
</assign>
<msg timestamp="20200924 00:05:23.032" level="INFO">${file_name} = 3_Category.xlsx</msg>
<status status="PASS" starttime="20200924 00:05:23.031" endtime="20200924 00:05:23.032"></status>
</kw>
<kw name="Log To Console" library="BuiltIn">
<doc>Logs the given message to the console.</doc>
<arguments>
<arg>${file_name}</arg>
</arguments>
<status status="PASS" starttime="20200924 00:05:23.032" endtime="20200924 00:05:23.034"></status>
</kw>
<kw name="Get From Dictionary" library="Collections">
<doc>Returns a value from the given ``dictionary`` based on the given ``key``.</doc>
<arguments>
<arg>${x}</arg>
<arg>${Key_categorycode}</arg>
</arguments>
<assign>
<var>${category_code}</var>
</assign>
<msg timestamp="20200924 00:05:23.035" level="INFO">${category_code} = 3</msg>
<status status="PASS" starttime="20200924 00:05:23.034" endtime="20200924 00:05:23.035"></status>
</kw>
<kw name="Log To Console" library="BuiltIn">
<doc>Logs the given message to the console.</doc>
<arguments>
<arg>${category_code}</arg>
</arguments>
<status status="PASS" starttime="20200924 00:05:23.035" endtime="20200924 00:05:23.038"></status>
</kw>
<kw name="Set Test Variable" library="BuiltIn">
<doc>Makes a variable available everywhere within the scope of the current test.</doc>
<arguments>
<arg>${category_code}</arg>
</arguments>
<msg timestamp="20200924 00:05:23.039" level="INFO">${category_code} = 3</msg>
<status status="PASS" starttime="20200924 00:05:23.038" endtime="20200924 00:05:23.039"></status>
</kw>
<kw name="Delete All Cookies" library="SeleniumLibrary">
<doc>Deletes all cookies.</doc>
<status status="PASS" starttime="20200924 00:05:23.039" endtime="20200924 00:05:23.526"></status>
</kw>
<kw name="Wait Until Element Is Visible" library="SeleniumLibrary">
<doc>Waits until the element ``locator`` is visible.</doc>
<arguments>
<arg>${SearchTextField}</arg>
</arguments>
<status status="PASS" starttime="20200924 00:05:23.527" endtime="20200924 00:05:23.568"></status>
</kw>
<kw name="Input Text" library="SeleniumLibrary">
<doc>Types the given ``text`` into the text field identified by ``locator``.</doc>
<arguments>
<arg>${SearchTextField}</arg>
<arg>${SearchQuery}</arg>
</arguments>
<msg timestamp="20200924 00:05:23.569" level="INFO">Typing text 'All High School in Trenton, NJ United States' into text field '//*[@class="gLFyf gsfi"]'.</msg>
<status status="PASS" starttime="20200924 00:05:23.569" endtime="20200924 00:05:24.102"></status>
</kw>
<kw name="Wait Until Element Is Enabled" library="SeleniumLibrary">
<doc>Waits until the element ``locator`` is enabled.</doc>
<arguments>
<arg>${SearchGoogleBtn}</arg>
</arguments>
<status status="PASS" starttime="20200924 00:05:24.102" endtime="20200924 00:05:24.147"></status>
</kw>
<kw name="Set Focus To Element" library="SeleniumLibrary">
<doc>Sets the focus to the element identified by ``locator``.</doc>
<arguments>
<arg>${SearchGoogleBtn}</arg>
</arguments>
<status status="PASS" starttime="20200924 00:05:24.148" endtime="20200924 00:05:24.179"></status>
</kw>
<kw name="Click Element" library="SeleniumLibrary">
<doc>Click the element identified by ``locator``.</doc>
<arguments>
<arg>${SearchGoogleBtn}</arg>
</arguments>
<msg timestamp="20200924 00:05:24.180" level="INFO">Clicking element '(//*[@class="gNO89b" and @value="Google Search"])[2]'.</msg>
<status status="PASS" starttime="20200924 00:05:24.179" endtime="20200924 00:05:25.995"></status>
</kw>
<kw name="Log To Console" library="BuiltIn">
<doc>Logs the given message to the console.</doc>
<arguments>
<arg>files not set</arg>
</arguments>
<status status="PASS" starttime="20200924 00:05:25.996" endtime="20200924 00:05:25.997"></status>
</kw>
<kw name="Set Test Variable" library="BuiltIn">
<doc>Makes a variable available everywhere within the scope of the current test.</doc>
<arguments>
<arg>${FileName}</arg>
</arguments>
<msg timestamp="20200924 00:05:25.999" level="INFO">${FileName} = 3_Category.xlsx</msg>
<status status="PASS" starttime="20200924 00:05:25.998" endtime="20200924 00:05:25.999"></status>
</kw>
<kw name="Set Variable" library="BuiltIn">
<doc>Returns the given values which can then be assigned to a variables.</doc>
<arguments>
<arg>${false}</arg>
</arguments>
<assign>
<var>${sheetcheck}</var>
</assign>
<msg timestamp="20200924 00:05:26.001" level="INFO">${sheetcheck} = False</msg>
<status status="PASS" starttime="20200924 00:05:26.000" endtime="20200924 00:05:26.001"></status>
</kw>
<kw name="Run Keyword If" library="BuiltIn">
<doc>Runs the given keyword with the given arguments, if ``condition`` is true.</doc>
<arguments>
<arg>'${Filename}' in ${MyList}</arg>
<arg>Set Variable</arg>
<arg>${true}</arg>
<arg>ELSE</arg>
<arg>Set Variable</arg>
<arg>${false}</arg>
</arguments>
<assign>
<var>${sheetcheck}</var>
</assign>
<kw name="Set Variable" library="BuiltIn">
<doc>Returns the given values which can then be assigned to a variables.</doc>
<arguments>
<arg>${true}</arg>
</arguments>
<status status="PASS" starttime="20200924 00:05:26.004" endtime="20200924 00:05:26.005"></status>
</kw>
<msg timestamp="20200924 00:05:26.005" level="INFO">${sheetcheck} = True</msg>
<status status="PASS" starttime="20200924 00:05:26.002" endtime="20200924 00:05:26.005"></status>
</kw>
<kw name="Log To Console" library="BuiltIn">
<doc>Logs the given message to the console.</doc>
<arguments>
<arg>${sheetcheck}</arg>
</arguments>
<status status="PASS" starttime="20200924 00:05:26.006" endtime="20200924 00:05:26.019"></status>
</kw>
<kw name="Run Keyword If" library="BuiltIn">
<doc>Runs the given keyword with the given arguments, if ``condition`` is true.</doc>
<arguments>
<arg>${sheetcheck} == ${false}</arg>
<arg>Set To Dictionary</arg>
<arg>${MyList}</arg>
<arg>${FileName}</arg>
<arg>${FileName}</arg>
</arguments>
<status status="PASS" starttime="20200924 00:05:26.019" endtime="20200924 00:05:26.021"></status>
</kw>
<kw name="Run Keyword If" library="BuiltIn">
<doc>Runs the given keyword with the given arguments, if ``condition`` is true.</doc>
<arguments>
<arg>${sheetcheck} == ${false}</arg>
<arg>Create Xlsx Sheet and Its Columns</arg>
<arg>${file_name}</arg>
</arguments>
<status status="PASS" starttime="20200924 00:05:26.021" endtime="20200924 00:05:26.022"></status>
</kw>
<kw name="Run Keyword And Return Status" library="BuiltIn">
<doc>Runs the given keyword with given arguments and returns the status as a Boolean value.</doc>
<arguments>
<arg>Element Should Be Visible</arg>
<arg>${FirstRecord}</arg>
</arguments>
<assign>
<var>${DataRestRating}</var>
</assign>
<kw name="Element Should Be Visible" library="SeleniumLibrary">
<doc>Verifies that the element identified by ``locator`` is visible.</doc>
<arguments>
<arg>${FirstRecord}</arg>
</arguments>
<msg timestamp="20200924 00:05:26.127" level="INFO">Element '(//img[@class="rISBZc" and @height="200" and @width="652"])' is displayed.</msg>
<status status="PASS" starttime="20200924 00:05:26.024" endtime="20200924 00:05:26.128"></status>
</kw>
<msg timestamp="20200924 00:05:26.128" level="INFO">${DataRestRating} = True</msg>
<status status="PASS" starttime="20200924 00:05:26.023" endtime="20200924 00:05:26.128"></status>
</kw>
<kw name="Run Keyword If" library="BuiltIn">
<doc>Runs the given keyword with the given arguments, if ``condition`` is true.</doc>
<arguments>
<arg>${DataRestRating}</arg>
<arg>Data is Available</arg>
<arg>ELSE</arg>
<arg>Data is NOT Available</arg>
</arguments>
<kw name="Data is Available">
<kw name="Wait Until Element Is Enabled" library="SeleniumLibrary">
<doc>Waits until the element ``locator`` is enabled.</doc>
<arguments>
<arg>${FirstRecord}</arg>
</arguments>
<status status="PASS" starttime="20200924 00:05:26.133" endtime="20200924 00:05:26.743"></status>
</kw>
<kw name="Set Focus To Element" library="SeleniumLibrary">
<doc>Sets the focus to the element identified by ``locator``.</doc>
<arguments>
<arg>${FirstRecord}</arg>
</arguments>
<status status="PASS" starttime="20200924 00:05:26.744" endtime="20200924 00:05:26.800"></status>
</kw>
<kw name="Click Element" library="SeleniumLibrary">
<doc>Click the element identified by ``locator``.</doc>
<arguments>
<arg>${FirstRecord}</arg>
</arguments>
<msg timestamp="20200924 00:05:26.802" level="INFO">Clicking element '(//img[@class="rISBZc" and @height="200" and @width="652"])'.</msg>
<status status="PASS" starttime="20200924 00:05:26.801" endtime="20200924 00:05:29.250"></status>
</kw>
<status status="PASS" starttime="20200924 00:05:26.130" endtime="20200924 00:05:29.251"></status>
</kw>
<status status="PASS" starttime="20200924 00:05:26.129" endtime="20200924 00:05:29.251"></status>
</kw>
<kw name="Log To Console" library="BuiltIn">
<doc>Logs the given message to the console.</doc>
<arguments>
<arg>${Page}1</arg>
</arguments>
<status status="PASS" starttime="20200924 00:05:29.252" endtime="20200924 00:05:29.264"></status>
</kw>
<kw name="My loop">
<kw name="Wait Until Element Is Visible" library="SeleniumLibrary">
<doc>Waits until the element ``locator`` is visible.</doc>
<arguments>
<arg>${FirstRest}</arg>
</arguments>
<status status="PASS" starttime="20200924 00:05:29.268" endtime="20200924 00:05:29.384"></status>
</kw>
<kw name="Page Should Contain Element" library="SeleniumLibrary">
<doc>Verifies that element ``locator`` is found on the current page.</doc>
<arguments>
<arg>${FirstRest}</arg>
</arguments>
<msg timestamp="20200924 00:05:29.412" level="INFO">Current page contains element '(//*[@class="VkpGBb"])'.</msg>
<status status="PASS" starttime="20200924 00:05:29.384" endtime="20200924 00:05:29.412"></status>
</kw>
<kw name="${loopIndex} IN RANGE [ 1 | ${TotalRecords} ]" type="for">
<kw name="${loopIndex} = 1" type="foritem">
<kw name="Set Test Variable" library="BuiltIn">
<doc>Makes a variable available everywhere within the scope of the current test.</doc>
<arguments>
<arg>${loopIndex}</arg>
</arguments>
<msg timestamp="20200924 00:05:29.415" level="INFO">${loopIndex} = 1</msg>
<status status="PASS" starttime="20200924 00:05:29.414" endtime="20200924 00:05:29.416"></status>
</kw>
<kw name="Check Next Restaurant Availablity" library="Keywords">
<kw name="Run Keyword And Return Status" library="BuiltIn">
<doc>Runs the given keyword with given arguments and returns the status as a Boolean value.</doc>
<arguments>
<arg>Element Should Be Visible</arg>
<arg>(//*[@class="dbg0pd"])[${loopIndex}]</arg>
</arguments>
<assign>
<var>${DataRestRating}</var>
</assign>
<kw name="Element Should Be Visible" library="SeleniumLibrary">
<doc>Verifies that the element identified by ``locator`` is visible.</doc>
<arguments>
<arg>(//*[@class="dbg0pd"])[${loopIndex}]</arg>
</arguments>
<msg timestamp="20200924 00:05:30.067" level="INFO">Element '(//*[@class="dbg0pd"])[1]' is displayed.</msg>
<status status="PASS" starttime="20200924 00:05:29.420" endtime="20200924 00:05:30.068"></status>
</kw>
<msg timestamp="20200924 00:05:30.068" level="INFO">${DataRestRating} = True</msg>
<status status="PASS" starttime="20200924 00:05:29.419" endtime="20200924 00:05:30.068"></status>
</kw>
<kw name="Run Keyword If" library="BuiltIn">
<doc>Runs the given keyword with the given arguments, if ``condition`` is true.</doc>
<arguments>
<arg>${DataRestRating}</arg>
<arg>Next Restaurant is Available</arg>
<arg>ELSE</arg>
<arg>Next Restaurant is Unavailable</arg>
</arguments>
<kw name="Next Restaurant is Available" library="Keywords">
<kw name="Log To Console" library="BuiltIn">
<doc>Logs the given message to the console.</doc>
<arguments>
<arg>${SrNO}${loopIndex}</arg>
</arguments>
<status status="PASS" starttime="20200924 00:05:30.073" endtime="20200924 00:05:30.074"></status>
</kw>
<kw name="Wait Until Element Is Enabled" library="SeleniumLibrary">
<doc>Waits until the element ``locator`` is enabled.</doc>
<arguments>
<arg>(//*[@class="dbg0pd"])[${loopIndex}]</arg>
</arguments>
<status status="PASS" starttime="20200924 00:05:30.075" endtime="20200924 00:05:30.688"></status>
</kw>
<kw name="Set Focus To Element" library="SeleniumLibrary">
<doc>Sets the focus to the element identified by ``locator``.</doc>
<arguments>
<arg>(//*[@class="dbg0pd"])[${loopIndex}]</arg>
</arguments>
<status status="PASS" starttime="20200924 00:05:30.689" endtime="20200924 00:05:30.875"></status>
</kw>
<kw name="Get Text" library="SeleniumLibrary">
<doc>Returns the text value of the element identified by ``locator``.</doc>
<arguments>
<arg>(//*[@class="dbg0pd"])[${loopIndex}]</arg>
</arguments>
<assign>
<var>${RestNamePrint}</var>
</assign>
<msg timestamp="20200924 00:05:31.409" level="INFO">${RestNamePrint} = Trenton Central High School</msg>
<status status="PASS" starttime="20200924 00:05:30.875" endtime="20200924 00:05:31.410"></status>
</kw>
<kw name="Set Test Variable" library="BuiltIn">
<doc>Makes a variable available everywhere within the scope of the current test.</doc>
<arguments>
<arg>${RestNamePrint}</arg>
</arguments>
<msg timestamp="20200924 00:05:31.412" level="INFO">${RestNamePrint} = Trenton Central High School</msg>
<status status="PASS" starttime="20200924 00:05:31.411" endtime="20200924 00:05:31.413"></status>
</kw>
<kw name="Log To Console" library="BuiltIn">
<doc>Logs the given message to the console.</doc>
<arguments>
<arg>${Name}${RestNamePrint}</arg>
</arguments>
<status status="PASS" starttime="20200924 00:05:31.413" endtime="20200924 00:05:31.415"></status>
</kw>
<kw name="Click Element" library="SeleniumLibrary">
<doc>Click the element identified by ``locator``.</doc>
<arguments>
<arg>(//*[@class="dbg0pd"])[${loopIndex}]</arg>
</arguments>
<msg timestamp="20200924 00:05:31.416" level="INFO">Clicking element '(//*[@class="dbg0pd"])[1]'.</msg>
<status status="PASS" starttime="20200924 00:05:31.415" endtime="20200924 00:05:31.853"></status>
</kw>
<kw name="Wait Until Element Is Enabled" library="SeleniumLibrary">
<doc>Waits until the element ``locator`` is enabled.</doc>
<arguments>
<arg>${CommonRestPlane}</arg>
</arguments>
<status status="PASS" starttime="20200924 00:05:31.854" endtime="20200924 00:05:33.909"></status>
</kw>
<kw name="Wait Until Element Is Visible" library="SeleniumLibrary">
<doc>Waits until the element ``locator`` is visible.</doc>
<arguments>
<arg>${CommonRestPlane}</arg>
</arguments>
<status status="PASS" starttime="20200924 00:05:33.909" endtime="20200924 00:05:34.701"></status>
</kw>
<kw name="Page Should Contain Element" library="SeleniumLibrary">
<doc>Verifies that element ``locator`` is found on the current page.</doc>
<arguments>
<arg>${CommonRestPlane}</arg>
</arguments>
<msg timestamp="20200924 00:05:34.795" level="INFO">Current page contains element '//*[@class="Ftghae iirjIb DaSCDf"]'.</msg>
<status status="PASS" starttime="20200924 00:05:34.702" endtime="20200924 00:05:34.796"></status>
</kw>
<kw name="Run Keyword And Return Status" library="BuiltIn">
<doc>Runs the given keyword with given arguments and returns the status as a Boolean value.</doc>
<arguments>
<arg>Element Should Be Visible</arg>
<arg>${WebsiteBtn}</arg>
</arguments>
<assign>
<var>${DataRestMenu}</var>
</assign>
<kw name="Element Should Be Visible" library="SeleniumLibrary">
<doc>Verifies that the element identified by ``locator`` is visible.</doc>
<arguments>
<arg>${WebsiteBtn}</arg>
</arguments>
<msg timestamp="20200924 00:05:35.012" level="INFO">Element '(//*[@class="CL9Uqc ab_button"])[1]' is displayed.</msg>
<status status="PASS" starttime="20200924 00:05:34.798" endtime="20200924 00:05:35.013"></status>
</kw>
<msg timestamp="20200924 00:05:35.013" level="INFO">${DataRestMenu} = True</msg>
<status status="PASS" starttime="20200924 00:05:34.797" endtime="20200924 00:05:35.013"></status>
</kw>
<kw name="Run Keyword If" library="BuiltIn">
<doc>Runs the given keyword with the given arguments, if ``condition`` is true.</doc>
<arguments>
<arg>${DataRestMenu}</arg>
<arg>Available Restaurant Website</arg>
<arg>ELSE</arg>
<arg>Unavailable Restaurant Website</arg>
</arguments>
<kw name="Available Restaurant Website" library="Keywords">
<kw name="Get Element Attribute" library="SeleniumLibrary">
<doc>Returns the value of ``attribute`` from the element ``locator``.</doc>
<arguments>
<arg>${WebsiteBtn}</arg>
<arg>href</arg>
</arguments>
<assign>
<var>${RestURL}</var>
</assign>
<msg timestamp="20200924 00:05:35.055" level="INFO">${RestURL} = http://www.trenton.k12.nj.us/tchsmaincampus_home.aspx</msg>
<status status="PASS" starttime="20200924 00:05:35.018" endtime="20200924 00:05:35.055"></status>
</kw>
<kw name="Set Test Variable" library="BuiltIn">
<doc>Makes a variable available everywhere within the scope of the current test.</doc>
<arguments>
<arg>${RestURL}</arg>
</arguments>
<msg timestamp="20200924 00:05:35.057" level="INFO">${RestURL} = http://www.trenton.k12.nj.us/tchsmaincampus_home.aspx</msg>
<status status="PASS" starttime="20200924 00:05:35.056" endtime="20200924 00:05:35.057"></status>
</kw>
<status status="PASS" starttime="20200924 00:05:35.015" endtime="20200924 00:05:35.057"></status>
</kw>
<status status="PASS" starttime="20200924 00:05:35.014" endtime="20200924 00:05:35.057"></status>
</kw>
<kw name="Run Keyword And Return Status" library="BuiltIn">
<doc>Runs the given keyword with given arguments and returns the status as a Boolean value.</doc>
<arguments>
<arg>Element Should Be Visible</arg>
<arg>${RestRating}</arg>
</arguments>
<assign>
<var>${DataRestRating}</var>
</assign>
<kw name="Element Should Be Visible" library="SeleniumLibrary">
<doc>Verifies that the element identified by ``locator`` is visible.</doc>
<arguments>
<arg>${RestRating}</arg>
</arguments>
<kw name="Capture Page Screenshot" library="SeleniumLibrary">
<doc>Takes a screenshot of the current page and embeds it into a log file.</doc>
[...]
</assign>
<kw name="Get From List" library="Collections">
<doc>Returns the value specified with an ``index`` from ``list``.</doc>
<arguments>
<arg>${GetRestAddressPrintSplit}</arg>
<arg>4</arg>
</arguments>
<msg timestamp="20200924 00:08:53.669" level="FAIL">IndexError: Given index 4 is out of the range 0-3.</msg>
<status status="FAIL" starttime="20200924 00:08:53.668" endtime="20200924 00:08:53.669"></status>
</kw>
<msg timestamp="20200924 00:08:53.669" level="INFO">${DataRestMenu} = False</msg>
<status status="PASS" starttime="20200924 00:08:53.667" endtime="20200924 00:08:53.669"></status>
</kw>
<kw name="Run Keyword If" library="BuiltIn">
<doc>Runs the given keyword with the given arguments, if ``condition`` is true.</doc>
<arguments>
<arg>${DataRestMenu}</arg>
<arg>Print index four</arg>
<arg>ELSE</arg>
<arg>Print index three</arg>
</arguments>
<kw name="Print index three" library="Keywords">
<kw name="Get From List" library="Collections">
<doc>Returns the value specified with an ``index`` from ``list``.</doc>
<arguments>
<arg>${GetRestAddressPrintSplit}</arg>
<arg>3</arg>
</arguments>
<assign>
<var>${street}</var>
</assign>
<msg timestamp="20200924 00:08:53.672" level="INFO">${street} = 2123 Western Ave</msg>
<status status="PASS" starttime="20200924 00:08:53.672" endtime="20200924 00:08:53.672"></status>
</kw>
<kw name="Set Test Variable" library="BuiltIn">
<doc>Makes a variable available everywhere within the scope of the current test.</doc>
<arguments>
<arg>${street}</arg>
</arguments>
<msg timestamp="20200924 00:08:53.674" level="INFO">${street} = 2123 Western Ave</msg>
<status status="PASS" starttime="20200924 00:08:53.673" endtime="20200924 00:08:53.674"></status>
</kw>
<status status="PASS" starttime="20200924 00:08:53.670" endtime="20200924 00:08:53.674"></status>
</kw>
<status status="PASS" starttime="20200924 00:08:53.669" endtime="20200924 00:08:53.674"></status>
</kw>
<status status="PASS" starttime="20200924 00:08:53.666" endtime="20200924 00:08:53.674"></status>
</kw>
<status status="PASS" starttime="20200924 00:08:53.665" endtime="20200924 00:08:53.675"></status>
</kw>
<status status="PASS" starttime="20200924 00:08:53.596" endtime="20200924 00:08:53.675"></status>
</kw>
<status status="PASS" starttime="20200924 00:08:53.595" endtime="20200924 00:08:53.675"></status>
</kw>
<kw name="Run Keyword And Return Status" library="BuiltIn">
<doc>Runs the given keyword with given arguments and returns the status as a Boolean value.</doc>
<arguments>
<arg>Element Should Not Be Visible</arg>
<arg>${Hours}</arg>
</arguments>
<assign>
<var>${DataRestRating}</var>
</assign>
<kw name="Element Should Not Be Visible" library="SeleniumLibrary">
<doc>Verifies that the element identified by ``locator`` is NOT visible.</doc>
<arguments>
<arg>${Hours}</arg>
</arguments>
<kw name="Capture Page Screenshot" library="SeleniumLibrary">
<doc>Takes a screenshot of the current page and embeds it into a log file.</doc>
<msg timestamp="20200924 00:08:54.385" level="INFO" html="yes">&lt;/td&gt;&lt;/tr&gt;&lt;tr&gt;&lt;td colspan="3"&gt;&lt;a href="selenium-screenshot-30.png"&gt;&lt;img src="selenium-screenshot-30.png" width="800px"&gt;&lt;/a&gt;</msg>
<status status="PASS" starttime="20200924 00:08:53.729" endtime="20200924 00:08:54.386"></status>
</kw>
<msg timestamp="20200924 00:08:54.388" level="FAIL">The element '//*[@class="JjSWRd"]' should not be visible, but it is.</msg>
<status status="FAIL" starttime="20200924 00:08:53.676" endtime="20200924 00:08:54.388"></status>
</kw>
<msg timestamp="20200924 00:08:54.388" level="INFO">${DataRestRating} = False</msg>
<status status="PASS" starttime="20200924 00:08:53.675" endtime="20200924 00:08:54.389"></status>
</kw>
<kw name="Run Keyword If" library="BuiltIn">
<doc>Runs the given keyword with the given arguments, if ``condition`` is true.</doc>
<arguments>
<arg>${DataRestRating}</arg>
<arg>Unavailable Restaurant Hours on Google</arg>
<arg>ELSE</arg>
<arg>Available Restaurant Hours on Google</arg>
</arguments>
<kw name="Available Restaurant Hours on Google" library="Keywords">
<kw name="Click Element" library="SeleniumLibrary">
<doc>Click the element identified by ``locator``.</doc>
<arguments>
<arg>${Hours}</arg>
</arguments>
<msg timestamp="20200924 00:08:54.395" level="INFO">Clicking element '//*[@class="JjSWRd"]'.</msg>
<status status="PASS" starttime="20200924 00:08:54.395" endtime="20200924 00:08:54.685"></status>
</kw>
<kw name="Run Keyword And Return Status" library="BuiltIn">
<doc>Runs the given keyword with given arguments and returns the status as a Boolean value.</doc>
<arguments>
<arg>Element Should Be Visible</arg>
<arg>${ClickedHours}</arg>
</arguments>
<assign>
<var>${DataRestRating}</var>
</assign>
<kw name="Element Should Be Visible" library="SeleniumLibrary">
<doc>Verifies that the element identified by ``locator`` is visible.</doc>
<arguments>
<arg>${ClickedHours}</arg>
</arguments>
<msg timestamp="20200924 00:08:54.898" level="INFO">Element '//*[@class="WgFkxc"]' is displayed.</msg>
<status status="PASS" starttime="20200924 00:08:54.688" endtime="20200924 00:08:54.899"></status>
</kw>
<msg timestamp="20200924 00:08:54.899" level="INFO">${DataRestRating} = True</msg>
<status status="PASS" starttime="20200924 00:08:54.687" endtime="20200924 00:08:54.899"></status>
</kw>
<kw name="Run Keyword If" library="BuiltIn">
<doc>Runs the given keyword with the given arguments, if ``condition`` is true.</doc>
<arguments>
<arg>${DataRestRating}</arg>
<arg>Available Restaurant Hours on Same Page</arg>
<arg>ELSE</arg>
<arg>Available Restaurant Hours on pop-ups</arg>
</arguments>
<kw name="Available Restaurant Hours on Same Page" library="Keywords">
<kw name="Wait Until Element Is Visible" library="SeleniumLibrary">
<doc>Waits until the element ``locator`` is visible.</doc>
<arguments>
<arg>${ClickedHours}</arg>
</arguments>
<status status="PASS" starttime="20200924 00:08:54.906" endtime="20200924 00:08:55.007"></status>
</kw>
<kw name="Wait Until Element Is Enabled" library="SeleniumLibrary">
<doc>Waits until the element ``locator`` is enabled.</doc>
<arguments>
<arg>${ClickedHours}</arg>
</arguments>
<status status="PASS" starttime="20200924 00:08:55.008" endtime="20200924 00:08:55.072"></status>
</kw>
<kw name="Get Text" library="SeleniumLibrary">
<doc>Returns the text value of the element identified by ``locator``.</doc>
<arguments>
<arg>${ClickedHours}</arg>
</arguments>
<assign>
<var>${HoursPrint}</var>
</assign>
<msg timestamp="20200924 00:08:55.264" level="INFO">${HoursPrint} = Wednesday 7am–8pm
Thursday 7am–8pm
Friday 7am–8pm
Saturday 7am–8pm
Sunday 9am–6pm
Monday 7am–8pm
Tuesday 7am–8pm</msg>
<status status="PASS" starttime="20200924 00:08:55.073" endtime="20200924 00:08:55.264"></status>
</kw>
<kw name="Set Test Variable" library="BuiltIn">
<doc>Makes a variable available everywhere within the scope of the current test.</doc>
<arguments>
<arg>${HoursPrint}</arg>
</arguments>
<msg timestamp="20200924 00:08:55.266" level="INFO">${HoursPrint} = Wednesday 7am–8pm
Thursday 7am–8pm
Friday 7am–8pm
Saturday 7am–8pm
Sunday 9am–6pm
Monday 7am–8pm
Tuesday 7am–8pm</msg>
<status status="PASS" starttime="20200924 00:08:55.264" endtime="20200924 00:08:55.266"></status>
</kw>
<status status="PASS" starttime="20200924 00:08:54.902" endtime="20200924 00:08:55.267"></status>
</kw>
<status status="PASS" starttime="20200924 00:08:54.900" endtime="20200924 00:08:55.267"></status>
</kw>
<status status="PASS" starttime="20200924 00:08:54.391" endtime="20200924 00:08:55.267"></status>
</kw>
<status status="PASS" starttime="20200924 00:08:54.390" endtime="20200924 00:08:55.268"></status>
</kw>
<kw name="Run Keyword And Return Status" library="BuiltIn">
<doc>Runs the given keyword with given arguments and returns the status as a Boolean value.</doc>
<arguments>
<arg>Element Should Be Visible</arg>
<arg>${RestMenu}</arg>
</arguments>
<assign>
<var>${DataRestMenu}</var>
</assign>
<kw name="Element Should Be Visible" library="SeleniumLibrary">
<doc>Verifies that the element identified by ``locator`` is visible.</doc>
<arguments>
<arg>${RestMenu}</arg>
</arguments>
<kw name="Capture Page Screenshot" library="SeleniumLibrary">
<doc>Takes a screenshot of the current page and embeds it into a log file.</doc>
<msg timestamp="20200924 00:08:55.961" level="INFO" html="yes">&lt;/td&gt;&lt;/tr&gt;&lt;tr&gt;&lt;td colspan="3"&gt;&lt;a href="selenium-screenshot-31.png"&gt;&lt;img src="selenium-screenshot-31.png" width="800px"&gt;&lt;/a&gt;</msg>
<status status="PASS" starttime="20200924 00:08:55.307" endtime="20200924 00:08:55.962"></status>
</kw>
<msg timestamp="20200924 00:08:55.964" level="FAIL">Element with locator '(//*[@class="fl"])[13]' not found.</msg>
<status status="FAIL" starttime="20200924 00:08:55.269" endtime="20200924 00:08:55.965"></status>
</kw>
<msg timestamp="20200924 00:08:55.965" level="INFO">${DataRestMenu} = False</msg>
<status status="PASS" starttime="20200924 00:08:55.268" endtime="20200924 00:08:55.965"></status>
</kw>
<kw name="Run Keyword If" library="BuiltIn">
<doc>Runs the given keyword with the given arguments, if ``condition`` is true.</doc>
<arguments>
<arg>${DataRestMenu}</arg>
<arg>Available Restaurant MenuLink</arg>
<arg>ELSE</arg>
<arg>Unavailable Restaurant MenuLink</arg>
</arguments>
<kw name="Unavailable Restaurant MenuLink" library="Keywords">
<kw name="Set Variable" library="BuiltIn">
<doc>Returns the given values which can then be assigned to a variables.</doc>
<arguments>
<arg>${NODataFound}</arg>
</arguments>
<assign>
<var>${RestMenuPrint}</var>
</assign>
<msg timestamp="20200924 00:08:55.972" level="INFO">${RestMenuPrint} = </msg>
<status status="PASS" starttime="20200924 00:08:55.971" endtime="20200924 00:08:55.972"></status>
</kw>
<kw name="Set Test Variable" library="BuiltIn">
<doc>Makes a variable available everywhere within the scope of the current test.</doc>
<arguments>
<arg>${RestMenuPrint}</arg>
</arguments>
<msg timestamp="20200924 00:08:55.974" level="INFO">${RestMenuPrint} = </msg>
<status status="PASS" starttime="20200924 00:08:55.973" endtime="20200924 00:08:55.975"></status>
</kw>
<status status="PASS" starttime="20200924 00:08:55.967" endtime="20200924 00:08:55.975"></status>
</kw>
<status status="PASS" starttime="20200924 00:08:55.966" endtime="20200924 00:08:55.975"></status>
</kw>
<kw name="Run Keyword And Return Status" library="BuiltIn">
<doc>Runs the given keyword with given arguments and returns the status as a Boolean value.</doc>
<arguments>
<arg>Element Should Be Visible</arg>
<arg>${RestContactNo}</arg>
</arguments>
<assign>
<var>${DataRestMenu}</var>
</assign>
<kw name="Element Should Be Visible" library="SeleniumLibrary">
<doc>Verifies that the element identified by ``locator`` is visible.</doc>
<arguments>
<arg>${RestContactNo}</arg>
</arguments>
<msg timestamp="20200924 00:08:56.052" level="INFO">Element '//*[@class="LrzXr zdqRlf kno-fv"]' is displayed.</msg>
<status status="PASS" starttime="20200924 00:08:55.977" endtime="20200924 00:08:56.052"></status>
</kw>
<msg timestamp="20200924 00:08:56.052" level="INFO">${DataRestMenu} = True</msg>
<status status="PASS" starttime="20200924 00:08:55.976" endtime="20200924 00:08:56.052"></status>
</kw>
<kw name="Run Keyword If" library="BuiltIn">
<doc>Runs the given keyword with the given arguments, if ``condition`` is true.</doc>
<arguments>
<arg>${DataRestMenu}</arg>
<arg>Available Restaurant ContactNO</arg>
<arg>ELSE</arg>
<arg>Unavailable Restaurant ContactNO</arg>
</arguments>
<kw name="Available Restaurant ContactNO" library="Keywords">
<kw name="Get Text" library="SeleniumLibrary">
<doc>Returns the text value of the element identified by ``locator``.</doc>
<arguments>
<arg>${RestContactNo}</arg>
</arguments>
<assign>
<var>${RestContactNoPrint}</var>
</assign>
<msg timestamp="20200924 00:08:56.144" level="INFO">${RestContactNoPrint} = +1 518-554-8476</msg>
<status status="PASS" starttime="20200924 00:08:56.058" endtime="20200924 00:08:56.144"></status>
</kw>
<kw name="Set Test Variable" library="BuiltIn">
<doc>Makes a variable available everywhere within the scope of the current test.</doc>
<arguments>
<arg>${RestContactNoPrint}</arg>
</arguments>
<msg timestamp="20200924 00:08:56.147" level="INFO">${RestContactNoPrint} = +1 518-554-8476</msg>
<status status="PASS" starttime="20200924 00:08:56.145" endtime="20200924 00:08:56.147"></status>
</kw>
<status status="PASS" starttime="20200924 00:08:56.054" endtime="20200924 00:08:56.147"></status>
</kw>
<status status="PASS" starttime="20200924 00:08:56.053" endtime="20200924 00:08:56.148"></status>
</kw>
<kw name="Wait Until Element Is Enabled" library="SeleniumLibrary">
<doc>Waits until the element ``locator`` is enabled.</doc>
<arguments>
<arg>${CloseCommonRestPlane}</arg>
</arguments>
<status status="PASS" starttime="20200924 00:08:56.148" endtime="20200924 00:08:56.223"></status>
</kw>
<kw name="Click Element" library="SeleniumLibrary">
<doc>Click the element identified by ``locator``.</doc>
<arguments>
<arg>${CloseCommonRestPlane}</arg>
</arguments>
<msg timestamp="20200924 00:08:56.224" level="INFO">Clicking element '//*[@class="QU77pf" and @role="button"]'.</msg>
<status status="PASS" starttime="20200924 00:08:56.223" endtime="20200924 00:08:56.493"></status>
</kw>
<kw name="Put data into Xlsx Sheet" library="Keywords">
<kw name="Get Maxrow" library="DataRepository">
<arguments>
<arg>${FileName}</arg>
</arguments>
<assign>
<var>${GetMaxRow}</var>
</assign>
<msg timestamp="20200924 00:08:56.659" level="INFO">${GetMaxRow} = 6</msg>
<status status="PASS" starttime="20200924 00:08:56.500" endtime="20200924 00:08:56.659"></status>
</kw>
<kw name="Set Variable" library="BuiltIn">
<doc>Returns the given values which can then be assigned to a variables.</doc>
<arguments>
<arg>${GetMaxRow+1}</arg>
</arguments>
<assign>
<var>${PrintGetMaxRow}</var>
</assign>
<msg timestamp="20200924 00:08:56.661" level="INFO">${PrintGetMaxRow} = 7</msg>
<status status="PASS" starttime="20200924 00:08:56.660" endtime="20200924 00:08:56.662"></status>
</kw>
<kw name="Add Value" library="DataRepository">
<arguments>
<arg>${FileName}</arg>
<arg>A${PrintGetMaxRow}</arg>
<arg>${GetMaxRow}</arg>
</arguments>
<status status="PASS" starttime="20200924 00:08:56.662" endtime="20200924 00:08:56.776"></status>
</kw>
<kw name="Add Value" library="DataRepository">
<arguments>
<arg>${FileName}</arg>
<arg>B${PrintGetMaxRow}</arg>
<arg>${RestNamePrint}</arg>
</arguments>
<status status="PASS" starttime="20200924 00:08:56.777" endtime="20200924 00:08:56.899"></status>
</kw>
<kw name="Add Value" library="DataRepository">
<arguments>
<arg>${FileName}</arg>
<arg>C${PrintGetMaxRow}</arg>
<arg>${RestRatingPrint}</arg>
</arguments>
<status status="PASS" starttime="20200924 00:08:56.901" endtime="20200924 00:08:56.994"></status>
</kw>
<kw name="Add Value" library="DataRepository">
<arguments>
<arg>${FileName}</arg>
<arg>D${PrintGetMaxRow}</arg>
<arg>${NoOfGoogleReviewsPrint}</arg>
</arguments>
<status status="PASS" starttime="20200924 00:08:56.995" endtime="20200924 00:08:57.053"></status>
</kw>
<kw name="Add Value" library="DataRepository">
<arguments>
<arg>${FileName}</arg>
<arg>E${PrintGetMaxRow}</arg>
<arg>${street}</arg>
</arguments>
<status status="PASS" starttime="20200924 00:08:57.054" endtime="20200924 00:08:57.115"></status>
</kw>
<kw name="Add Value" library="DataRepository">
<arguments>
<arg>${FileName}</arg>
<arg>F${PrintGetMaxRow}</arg>
<arg>${city}</arg>
</arguments>
<status status="PASS" starttime="20200924 00:08:57.116" endtime="20200924 00:08:57.171"></status>
</kw>
<kw name="Add Value" library="DataRepository">
<arguments>
<arg>${FileName}</arg>
<arg>G${PrintGetMaxRow}</arg>
<arg>${state}</arg>
</arguments>
<status status="PASS" starttime="20200924 00:08:57.172" endtime="20200924 00:08:57.231"></status>
</kw>
<kw name="Add Value" library="DataRepository">
<arguments>
<arg>${FileName}</arg>
<arg>H${PrintGetMaxRow}</arg>
<arg>${zipcode}</arg>
</arguments>
<status status="PASS" starttime="20200924 00:08:57.231" endtime="20200924 00:08:57.322"></status>
</kw>
<kw name="Add Value" library="DataRepository">
<arguments>
<arg>${FileName}</arg>
<arg>I${PrintGetMaxRow}</arg>
<arg>${country}</arg>
</arguments>
<status status="PASS" starttime="20200924 00:08:57.323" endtime="20200924 00:08:57.378"></status>
</kw>
<kw name="Add Value" library="DataRepository">
<arguments>
<arg>${FileName}</arg>
<arg>J${PrintGetMaxRow}</arg>
<arg>${RestContactNoPrint}</arg>
</arguments>
<status status="PASS" starttime="20200924 00:08:57.379" endtime="20200924 00:08:57.436"></status>
</kw>
<kw name="Add Value" library="DataRepository">
<arguments>
<arg>${FileName}</arg>
<arg>K${PrintGetMaxRow}</arg>
<arg>${RestURL}</arg>
</arguments>
<status status="PASS" starttime="20200924 00:08:57.436" endtime="20200924 00:08:57.493"></status>
</kw>
<kw name="Add Value" library="DataRepository">
<arguments>
<arg>${FileName}</arg>
<arg>L${PrintGetMaxRow}</arg>
<arg>${RestMenuPrint}</arg>
</arguments>
<status status="PASS" starttime="20200924 00:08:57.494" endtime="20200924 00:08:57.550"></status>
</kw>
<kw name="Add Value" library="DataRepository">
<arguments>
<arg>${FileName}</arg>
<arg>M${PrintGetMaxRow}</arg>
<arg>${HoursPrint}</arg>
</arguments>
<status status="PASS" starttime="20200924 00:08:57.551" endtime="20200924 00:08:57.612"></status>
</kw>
<kw name="Add Value" library="DataRepository">
<arguments>
<arg>${FileName}</arg>
<arg>N${PrintGetMaxRow}</arg>
<arg>${category_code}</arg>
</arguments>
<status status="PASS" starttime="20200924 00:08:57.612" endtime="20200924 00:08:57.673"></status>
</kw>
<kw name="Add Value" library="DataRepository">
<arguments>
<arg>${FileName}</arg>
<arg>O${PrintGetMaxRow}</arg>
<arg>${RestTagPrint}</arg>
</arguments>
<status status="PASS" starttime="20200924 00:08:57.674" endtime="20200924 00:08:57.742"></status>
</kw>
<status status="PASS" starttime="20200924 00:08:56.494" endtime="20200924 00:08:57.742"></status>
</kw>
<status status="PASS" starttime="20200924 00:08:47.915" endtime="20200924 00:08:57.743"></status>
</kw>
<status status="PASS" starttime="20200924 00:08:47.914" endtime="20200924 00:08:57.743"></status>
</kw>
<status status="PASS" starttime="20200924 00:08:47.816" endtime="20200924 00:08:57.744"></status>
</kw>
<status status="PASS" starttime="20200924 00:08:47.814" endtime="20200924 00:08:57.744"></status>
</kw>
<status status="PASS" starttime="20200924 00:08:47.813" endtime="20200924 00:08:57.744"></status>
</kw>
<status status="PASS" starttime="20200924 00:08:47.315" endtime="20200924 00:08:57.745"></status>
</kw>
<kw name="Second MyLoop">
<kw name="${PageIndex} IN RANGE [ 2 | ${TotalPages} ]" type="for">
<status status="PASS" starttime="20200924 00:08:57.748" endtime="20200924 00:08:57.749"></status>
</kw>
<status status="PASS" starttime="20200924 00:08:57.746" endtime="20200924 00:08:57.750"></status>
</kw>
<kw name="Click Element" library="SeleniumLibrary">
<doc>Click the element identified by ``locator``.</doc>
<arguments>
<arg>${GoogleHomePage}</arg>
</arguments>
<msg timestamp="20200924 00:08:57.751" level="INFO">Clicking element '//*[@id="logo"]'.</msg>
<status status="PASS" starttime="20200924 00:08:57.750" endtime="20200924 00:08:59.215"></status>
</kw>
<status status="PASS" starttime="20200924 00:08:40.863" endtime="20200924 00:08:59.216"></status>
</kw>
<status status="PASS" starttime="20200924 00:05:03.267" endtime="20200924 00:08:59.216"></status>
</kw>
<status status="PASS" starttime="20200924 00:04:53.340" endtime="20200924 00:08:59.217" critical="yes"></status>
</test>
<status status="PASS" starttime="20200924 00:04:50.887" endtime="20200924 00:08:59.221"></status>
</suite>
<statistics>
<total>
<stat pass="1" fail="0">Critical Tests</stat>
<stat pass="1" fail="0">All Tests</stat>
</total>
<tag>
</tag>
<suite>
<stat pass="1" fail="0" id="s1" name="ABCTCOne">ABCTCOne</stat>
</suite>
</statistics>
<errors>
</errors>
</robot>
